TN:
SF:/home/aspl/Desktop/Avyantra/Avyantra/src/polyfills.ts
FNF:0
FNH:0
LF:0
LH:0
BRF:0
BRH:0
end_of_record
TN:
SF:/home/aspl/Desktop/Avyantra/Avyantra/src/test.ts
FNF:0
FNH:0
DA:13,1
DA:18,1
DA:20,1
LF:3
LH:3
BRF:0
BRH:0
end_of_record
TN:
SF:/home/aspl/Desktop/Avyantra/Avyantra/src/app/app-routing.module.ts
FN:112,AppRoutingModule
FNF:1
FNH:0
FNDA:0,AppRoutingModule
DA:112,1
LF:1
LH:1
BRF:0
BRH:0
end_of_record
TN:
SF:/home/aspl/Desktop/Avyantra/Avyantra/src/app/app.component.ts
FN:13,AppComponent
FN:17,(anonymous_2)
FN:23,(anonymous_3)
FN:24,(anonymous_4)
FNF:4
FNH:1
FNDA:2,AppComponent
FNDA:0,(anonymous_2)
FNDA:0,(anonymous_3)
FNDA:0,(anonymous_4)
DA:10,1
DA:11,2
DA:12,2
DA:13,2
DA:14,2
DA:17,1
DA:23,1
DA:24,0
DA:26,0
DA:28,0
DA:32,1
LF:11
LH:8
BRF:0
BRH:0
end_of_record
TN:
SF:/home/aspl/Desktop/Avyantra/Avyantra/src/app/dashboard/dashboard.component.ts
FN:31,DashboardComponent
FN:54,(anonymous_2)
FN:62,(anonymous_3)
FN:67,(anonymous_4)
FN:72,(anonymous_5)
FN:83,(anonymous_6)
FN:88,(anonymous_7)
FN:96,(anonymous_8)
FN:104,(anonymous_9)
FN:113,(anonymous_10)
FN:117,(anonymous_11)
FN:122,(anonymous_12)
FN:127,(anonymous_13)
FN:137,(anonymous_14)
FN:141,(anonymous_15)
FN:147,(anonymous_16)
FN:154,(anonymous_17)
FN:168,(anonymous_18)
FN:175,(anonymous_19)
FN:180,(anonymous_20)
FN:189,(anonymous_21)
FN:195,(anonymous_22)
FN:238,(anonymous_23)
FN:255,(anonymous_24)
FN:257,(anonymous_25)
FN:264,(anonymous_26)
FN:282,(anonymous_27)
FN:290,(anonymous_28)
FNF:28
FNH:0
FNDA:0,DashboardComponent
FNDA:0,(anonymous_2)
FNDA:0,(anonymous_3)
FNDA:0,(anonymous_4)
FNDA:0,(anonymous_5)
FNDA:0,(anonymous_6)
FNDA:0,(anonymous_7)
FNDA:0,(anonymous_8)
FNDA:0,(anonymous_9)
FNDA:0,(anonymous_10)
FNDA:0,(anonymous_11)
FNDA:0,(anonymous_12)
FNDA:0,(anonymous_13)
FNDA:0,(anonymous_14)
FNDA:0,(anonymous_15)
FNDA:0,(anonymous_16)
FNDA:0,(anonymous_17)
FNDA:0,(anonymous_18)
FNDA:0,(anonymous_19)
FNDA:0,(anonymous_20)
FNDA:0,(anonymous_21)
FNDA:0,(anonymous_22)
FNDA:0,(anonymous_23)
FNDA:0,(anonymous_24)
FNDA:0,(anonymous_25)
FNDA:0,(anonymous_26)
FNDA:0,(anonymous_27)
FNDA:0,(anonymous_28)
DA:19,1
DA:22,0
DA:26,0
DA:27,0
DA:28,0
DA:32,0
DA:33,0
DA:34,0
DA:35,0
DA:36,0
DA:37,0
DA:38,0
DA:39,0
DA:40,0
DA:44,0
DA:45,0
DA:46,0
DA:47,0
DA:50,0
DA:52,0
DA:54,1
DA:55,0
DA:56,0
DA:57,0
DA:59,0
DA:60,0
DA:61,0
DA:62,0
DA:63,0
DA:64,0
DA:67,0
DA:68,0
DA:72,1
DA:73,0
DA:74,0
DA:75,0
DA:76,0
DA:77,0
DA:78,0
DA:79,0
DA:80,0
DA:83,1
DA:84,0
DA:85,0
DA:88,1
DA:89,0
DA:91,0
DA:92,0
DA:96,1
DA:97,0
DA:98,0
DA:99,0
DA:104,1
DA:105,0
DA:106,0
DA:108,0
DA:109,0
DA:110,0
DA:113,1
DA:114,0
DA:117,1
DA:120,0
DA:122,1
DA:124,0
DA:127,1
DA:128,0
DA:129,0
DA:130,0
DA:131,0
DA:132,0
DA:133,0
DA:134,0
DA:137,1
DA:138,0
DA:141,1
DA:142,0
DA:143,0
DA:144,0
DA:147,1
DA:148,0
DA:150,0
DA:151,0
DA:152,0
DA:153,0
DA:156,0
DA:157,0
DA:159,0
DA:160,0
DA:161,0
DA:163,0
DA:164,0
DA:165,0
DA:169,0
DA:175,1
DA:176,0
DA:177,0
DA:178,0
DA:179,0
DA:181,0
DA:185,0
DA:190,0
DA:195,1
DA:196,0
DA:197,0
DA:198,0
DA:200,0
DA:201,0
DA:204,0
DA:205,0
DA:208,0
DA:209,0
DA:212,0
DA:213,0
DA:216,0
DA:217,0
DA:220,0
DA:221,0
DA:224,0
DA:225,0
DA:228,0
DA:229,0
DA:232,0
DA:233,0
DA:235,0
DA:238,1
DA:240,0
DA:243,0
DA:255,1
DA:256,0
DA:257,0
DA:259,0
DA:260,0
DA:263,0
DA:264,0
DA:265,0
DA:268,0
DA:269,0
DA:270,0
DA:275,0
DA:276,0
DA:282,1
DA:283,0
DA:284,0
DA:285,0
DA:286,0
DA:287,0
DA:290,1
DA:291,0
DA:292,0
DA:293,0
DA:294,0
DA:296,1
LF:152
LH:21
BRDA:59,0,0,0
BRDA:59,0,1,0
BRDA:99,1,0,0
BRDA:99,1,1,0
BRF:4
BRH:0
end_of_record
TN:
SF:/home/aspl/Desktop/Avyantra/Avyantra/src/app/dashboard/antibiotic-administration/antibiotic-administration.component.ts
FN:61,AntibioticAdministrationComponent
FN:75,(anonymous_2)
FN:84,(anonymous_3)
FN:121,(anonymous_4)
FN:156,(anonymous_5)
FN:236,(anonymous_6)
FN:340,(anonymous_7)
FN:348,(anonymous_8)
FN:359,(anonymous_9)
FN:365,(anonymous_10)
FN:374,(anonymous_11)
FN:378,(anonymous_12)
FN:382,(anonymous_13)
FN:394,(anonymous_14)
FN:405,(anonymous_15)
FN:423,(anonymous_16)
FN:440,(anonymous_17)
FN:452,(anonymous_18)
FN:470,(anonymous_19)
FN:483,(anonymous_20)
FN:492,(anonymous_21)
FN:502,(anonymous_22)
FN:506,(anonymous_23)
FN:511,(anonymous_24)
FN:517,(anonymous_25)
FN:521,(anonymous_26)
FN:529,(anonymous_27)
FN:530,(anonymous_28)
FN:540,(anonymous_29)
FN:547,(anonymous_30)
FN:553,(anonymous_31)
FN:564,(anonymous_32)
FN:571,(anonymous_33)
FNF:33
FNH:6
FNDA:1,AntibioticAdministrationComponent
FNDA:0,(anonymous_2)
FNDA:1,(anonymous_3)
FNDA:1,(anonymous_4)
FNDA:0,(anonymous_5)
FNDA:0,(anonymous_6)
FNDA:0,(anonymous_7)
FNDA:0,(anonymous_8)
FNDA:0,(anonymous_9)
FNDA:0,(anonymous_10)
FNDA:0,(anonymous_11)
FNDA:0,(anonymous_12)
FNDA:0,(anonymous_13)
FNDA:0,(anonymous_14)
FNDA:0,(anonymous_15)
FNDA:0,(anonymous_16)
FNDA:0,(anonymous_17)
FNDA:0,(anonymous_18)
FNDA:0,(anonymous_19)
FNDA:0,(anonymous_20)
FNDA:0,(anonymous_21)
FNDA:0,(anonymous_22)
FNDA:0,(anonymous_23)
FNDA:0,(anonymous_24)
FNDA:0,(anonymous_25)
FNDA:0,(anonymous_26)
FNDA:1,(anonymous_27)
FNDA:1,(anonymous_28)
FNDA:1,(anonymous_29)
FNDA:0,(anonymous_30)
FNDA:0,(anonymous_31)
FNDA:0,(anonymous_32)
FNDA:0,(anonymous_33)
DA:20,1
DA:22,1
DA:26,1
DA:27,1
DA:28,1
DA:29,1
DA:30,1
DA:31,1
DA:33,1
DA:34,1
DA:35,1
DA:36,1
DA:37,1
DA:38,1
DA:40,1
DA:43,1
DA:44,1
DA:45,1
DA:47,1
DA:48,1
DA:53,1
DA:55,1
DA:59,1
DA:62,1
DA:63,1
DA:64,1
DA:65,1
DA:66,1
DA:67,1
DA:68,1
DA:69,1
DA:70,1
DA:72,1
DA:75,1
DA:77,0
DA:80,0
DA:84,1
DA:85,1
DA:86,1
DA:87,1
DA:88,1
DA:89,1
DA:90,1
DA:92,0
DA:93,0
DA:97,0
DA:98,0
DA:100,1
DA:102,1
DA:104,1
DA:115,1
DA:121,1
DA:122,1
DA:123,1
DA:124,1
DA:125,1
DA:126,1
DA:127,1
DA:128,1
DA:130,1
DA:132,1
DA:156,1
DA:157,0
DA:158,0
DA:160,0
DA:161,0
DA:162,0
DA:164,0
DA:168,0
DA:170,0
DA:174,0
DA:175,0
DA:176,0
DA:177,0
DA:178,0
DA:180,0
DA:184,0
DA:186,0
DA:187,0
DA:191,0
DA:193,0
DA:197,0
DA:198,0
DA:199,0
DA:200,0
DA:201,0
DA:203,0
DA:209,0
DA:211,0
DA:214,0
DA:236,1
DA:237,0
DA:238,0
DA:241,0
DA:242,0
DA:246,0
DA:249,0
DA:255,0
DA:256,0
DA:260,0
DA:261,0
DA:263,0
DA:264,0
DA:265,0
DA:266,0
DA:268,0
DA:269,0
DA:270,0
DA:271,0
DA:272,0
DA:276,0
DA:282,0
DA:283,0
DA:284,0
DA:287,0
DA:290,0
DA:291,0
DA:293,0
DA:294,0
DA:300,0
DA:301,0
DA:305,0
DA:308,0
DA:314,0
DA:315,0
DA:319,0
DA:320,0
DA:322,0
DA:323,0
DA:324,0
DA:325,0
DA:327,0
DA:328,0
DA:329,0
DA:330,0
DA:331,0
DA:335,0
DA:340,1
DA:342,0
DA:343,0
DA:344,0
DA:348,1
DA:350,0
DA:353,0
DA:354,0
DA:355,0
DA:359,1
DA:360,0
DA:361,0
DA:362,0
DA:365,1
DA:366,0
DA:369,0
DA:370,0
DA:371,0
DA:374,1
DA:375,0
DA:378,1
DA:379,0
DA:382,1
DA:383,0
DA:385,0
DA:386,0
DA:387,0
DA:389,0
DA:390,0
DA:394,1
DA:395,0
DA:396,0
DA:398,0
DA:400,0
DA:401,0
DA:402,0
DA:405,1
DA:406,0
DA:410,0
DA:411,0
DA:413,0
DA:415,0
DA:416,0
DA:417,0
DA:423,1
DA:424,0
DA:425,0
DA:428,0
DA:429,0
DA:440,1
DA:441,0
DA:443,0
DA:452,1
DA:453,0
DA:458,0
DA:460,0
DA:462,0
DA:470,1
DA:471,0
DA:476,0
DA:478,0
DA:483,1
DA:484,0
DA:486,0
DA:488,0
DA:492,1
DA:493,0
DA:497,0
DA:498,0
DA:500,0
DA:501,0
DA:503,0
DA:504,0
DA:507,0
DA:511,1
DA:512,0
DA:513,0
DA:514,0
DA:517,1
DA:518,0
DA:521,1
DA:522,0
DA:523,0
DA:524,0
DA:525,0
DA:526,0
DA:529,1
DA:530,1
DA:532,1
DA:535,0
DA:540,1
DA:541,1
DA:543,0
DA:547,1
DA:548,0
DA:550,0
DA:553,0
DA:555,0
DA:558,0
DA:564,1
DA:565,0
DA:566,0
DA:567,0
DA:571,1
DA:572,0
DA:573,0
DA:575,0
DA:577,0
DA:581,0
DA:585,0
DA:589,0
DA:593,0
DA:596,1
LF:250
LH:84
BRDA:173,0,0,0
BRDA:173,0,1,0
BRDA:196,1,0,0
BRDA:196,1,1,0
BRDA:238,2,0,0
BRDA:238,2,1,0
BRDA:238,2,2,0
BRDA:417,3,0,0
BRDA:417,3,1,0
BRDA:425,4,0,0
BRDA:425,4,1,0
BRDA:455,5,0,0
BRDA:455,5,1,0
BRDA:473,6,0,0
BRDA:473,6,1,0
BRF:15
BRH:0
end_of_record
TN:
SF:/home/aspl/Desktop/Avyantra/Avyantra/src/app/dashboard/baby-appear/baby-appear.component.ts
FN:49,BabyAppearComponent
FN:61,(anonymous_2)
FN:67,(anonymous_3)
FN:73,(anonymous_4)
FN:79,(anonymous_5)
FN:104,(anonymous_6)
FN:127,(anonymous_7)
FN:162,(anonymous_8)
FN:256,(anonymous_9)
FN:323,(anonymous_10)
FN:329,(anonymous_11)
FN:332,(anonymous_12)
FN:336,(anonymous_13)
FN:349,(anonymous_14)
FN:352,(anonymous_15)
FN:371,(anonymous_16)
FN:398,(anonymous_17)
FN:410,(anonymous_18)
FN:428,(anonymous_19)
FN:441,(anonymous_20)
FN:454,(anonymous_21)
FN:464,(anonymous_22)
FN:467,(anonymous_23)
FN:474,(anonymous_24)
FN:518,(anonymous_25)
FN:525,(anonymous_26)
FN:529,(anonymous_27)
FN:537,(anonymous_28)
FN:538,(anonymous_29)
FN:556,(anonymous_30)
FN:565,(anonymous_31)
FN:580,(anonymous_32)
FNF:32
FNH:5
FNDA:1,BabyAppearComponent
FNDA:0,(anonymous_2)
FNDA:1,(anonymous_3)
FNDA:0,(anonymous_4)
FNDA:1,(anonymous_5)
FNDA:0,(anonymous_6)
FNDA:1,(anonymous_7)
FNDA:0,(anonymous_8)
FNDA:0,(anonymous_9)
FNDA:0,(anonymous_10)
FNDA:0,(anonymous_11)
FNDA:0,(anonymous_12)
FNDA:0,(anonymous_13)
FNDA:0,(anonymous_14)
FNDA:0,(anonymous_15)
FNDA:0,(anonymous_16)
FNDA:0,(anonymous_17)
FNDA:0,(anonymous_18)
FNDA:0,(anonymous_19)
FNDA:0,(anonymous_20)
FNDA:0,(anonymous_21)
FNDA:0,(anonymous_22)
FNDA:0,(anonymous_23)
FNDA:0,(anonymous_24)
FNDA:0,(anonymous_25)
FNDA:0,(anonymous_26)
FNDA:0,(anonymous_27)
FNDA:1,(anonymous_28)
FNDA:0,(anonymous_29)
FNDA:0,(anonymous_30)
FNDA:0,(anonymous_31)
FNDA:0,(anonymous_32)
DA:20,1
DA:23,1
DA:24,1
DA:25,1
DA:26,1
DA:27,1
DA:28,1
DA:29,1
DA:31,1
DA:32,1
DA:33,1
DA:34,1
DA:36,1
DA:37,1
DA:44,1
DA:45,1
DA:46,1
DA:49,1
DA:50,1
DA:51,1
DA:52,1
DA:53,1
DA:54,1
DA:55,1
DA:56,1
DA:57,1
DA:58,1
DA:60,1
DA:61,1
DA:63,0
DA:67,1
DA:69,1
DA:73,1
DA:75,0
DA:79,1
DA:80,1
DA:81,1
DA:82,1
DA:83,1
DA:84,1
DA:85,1
DA:90,0
DA:91,0
DA:95,0
DA:96,0
DA:100,1
DA:101,1
DA:104,1
DA:105,0
DA:106,0
DA:107,0
DA:108,0
DA:109,0
DA:110,0
DA:112,0
DA:113,0
DA:117,0
DA:118,0
DA:122,0
DA:123,0
DA:124,0
DA:127,1
DA:128,1
DA:129,1
DA:130,1
DA:162,1
DA:163,0
DA:165,0
DA:167,0
DA:171,0
DA:172,0
DA:173,0
DA:174,0
DA:175,0
DA:177,0
DA:181,0
DA:182,0
DA:183,0
DA:185,0
DA:188,0
DA:189,0
DA:190,0
DA:191,0
DA:192,0
DA:196,0
DA:197,0
DA:198,0
DA:201,0
DA:203,0
DA:209,0
DA:210,0
DA:211,0
DA:212,0
DA:213,0
DA:217,0
DA:218,0
DA:219,0
DA:222,0
DA:223,0
DA:228,0
DA:256,1
DA:257,0
DA:258,0
DA:262,0
DA:263,0
DA:267,0
DA:270,0
DA:276,0
DA:277,0
DA:280,0
DA:282,0
DA:283,0
DA:285,0
DA:286,0
DA:287,0
DA:288,0
DA:296,0
DA:297,0
DA:301,0
DA:302,0
DA:304,0
DA:305,0
DA:306,0
DA:307,0
DA:309,0
DA:310,0
DA:311,0
DA:312,0
DA:313,0
DA:317,0
DA:323,1
DA:324,0
DA:325,0
DA:329,1
DA:330,0
DA:332,1
DA:333,0
DA:336,1
DA:337,0
DA:338,0
DA:340,0
DA:341,0
DA:342,0
DA:344,0
DA:345,0
DA:346,0
DA:349,1
DA:352,1
DA:353,0
DA:354,0
DA:355,0
DA:357,0
DA:359,0
DA:360,0
DA:361,0
DA:371,1
DA:372,0
DA:376,0
DA:377,0
DA:378,0
DA:380,0
DA:382,0
DA:383,0
DA:398,1
DA:399,0
DA:401,0
DA:410,1
DA:411,0
DA:416,0
DA:418,0
DA:420,0
DA:428,1
DA:429,0
DA:434,0
DA:436,0
DA:441,1
DA:442,0
DA:444,0
DA:446,0
DA:454,1
DA:455,0
DA:459,0
DA:460,0
DA:462,0
DA:463,0
DA:465,0
DA:468,0
DA:474,1
DA:475,0
DA:479,0
DA:480,0
DA:481,0
DA:482,0
DA:483,0
DA:488,0
DA:489,0
DA:490,0
DA:493,0
DA:499,0
DA:500,0
DA:504,0
DA:505,0
DA:506,0
DA:508,0
DA:509,0
DA:512,0
DA:513,0
DA:518,1
DA:519,0
DA:520,0
DA:521,0
DA:525,1
DA:526,0
DA:529,1
DA:530,0
DA:531,0
DA:532,0
DA:533,0
DA:534,0
DA:537,1
DA:538,1
DA:540,0
DA:542,0
DA:543,0
DA:547,0
DA:549,0
DA:550,0
DA:556,1
DA:557,0
DA:558,0
DA:559,0
DA:561,0
DA:563,0
DA:564,0
DA:567,0
DA:569,0
DA:573,0
DA:574,0
DA:580,1
DA:582,0
DA:586,0
DA:590,0
DA:594,0
DA:598,0
DA:601,1
LF:245
LH:69
BRDA:170,0,0,0
BRDA:170,0,1,0
BRDA:258,1,0,0
BRDA:258,1,1,0
BRDA:258,1,2,0
BRDA:413,2,0,0
BRDA:413,2,1,0
BRDA:431,3,0,0
BRDA:431,3,1,0
BRF:9
BRH:0
end_of_record
TN:
SF:/home/aspl/Desktop/Avyantra/Avyantra/src/app/dashboard/baby-cns/baby-cns.component.ts
FN:41,BabyCnsComponent
FN:54,(anonymous_2)
FN:75,(anonymous_3)
FN:80,(anonymous_4)
FN:91,(anonymous_5)
FN:103,(anonymous_6)
FN:106,(anonymous_7)
FN:110,(anonymous_8)
FN:122,(anonymous_9)
FN:133,(anonymous_10)
FN:144,(anonymous_11)
FN:154,(anonymous_12)
FN:159,(anonymous_13)
FN:164,(anonymous_14)
FN:170,(anonymous_15)
FN:174,(anonymous_16)
FN:182,(anonymous_17)
FN:183,(anonymous_18)
FN:201,(anonymous_19)
FN:206,(anonymous_20)
FN:217,(anonymous_21)
FNF:21
FNH:4
FNDA:1,BabyCnsComponent
FNDA:1,(anonymous_2)
FNDA:0,(anonymous_3)
FNDA:1,(anonymous_4)
FNDA:0,(anonymous_5)
FNDA:0,(anonymous_6)
FNDA:0,(anonymous_7)
FNDA:0,(anonymous_8)
FNDA:0,(anonymous_9)
FNDA:0,(anonymous_10)
FNDA:0,(anonymous_11)
FNDA:0,(anonymous_12)
FNDA:0,(anonymous_13)
FNDA:0,(anonymous_14)
FNDA:0,(anonymous_15)
FNDA:0,(anonymous_16)
FNDA:1,(anonymous_17)
FNDA:0,(anonymous_18)
FNDA:0,(anonymous_19)
FNDA:0,(anonymous_20)
FNDA:0,(anonymous_21)
DA:18,1
DA:21,1
DA:22,1
DA:23,1
DA:24,1
DA:25,1
DA:26,1
DA:28,1
DA:29,1
DA:33,1
DA:35,1
DA:39,1
DA:42,1
DA:43,1
DA:44,1
DA:45,1
DA:46,1
DA:47,1
DA:48,1
DA:49,1
DA:51,1
DA:54,1
DA:55,1
DA:56,1
DA:57,1
DA:58,1
DA:60,1
DA:61,1
DA:62,1
DA:64,0
DA:65,0
DA:69,0
DA:70,0
DA:72,1
DA:75,1
DA:76,0
DA:80,1
DA:81,1
DA:82,1
DA:91,1
DA:92,0
DA:93,0
DA:103,1
DA:104,0
DA:106,1
DA:107,0
DA:110,1
DA:111,0
DA:113,0
DA:114,0
DA:115,0
DA:117,0
DA:118,0
DA:122,1
DA:123,0
DA:124,0
DA:126,0
DA:128,0
DA:129,0
DA:130,0
DA:133,1
DA:134,0
DA:136,0
DA:137,0
DA:138,0
DA:139,0
DA:144,1
DA:145,0
DA:149,0
DA:150,0
DA:152,0
DA:153,0
DA:155,0
DA:156,0
DA:157,0
DA:160,0
DA:164,1
DA:165,0
DA:166,0
DA:167,0
DA:170,1
DA:171,0
DA:174,1
DA:175,0
DA:176,0
DA:177,0
DA:178,0
DA:179,0
DA:182,1
DA:183,1
DA:185,0
DA:187,0
DA:188,0
DA:192,0
DA:194,0
DA:195,0
DA:201,1
DA:203,0
DA:206,0
DA:208,0
DA:211,0
DA:217,1
DA:218,0
DA:219,0
DA:220,0
DA:223,1
LF:106
LH:49
BRF:0
BRH:0
end_of_record
TN:
SF:/home/aspl/Desktop/Avyantra/Avyantra/src/app/dashboard/baby-cv/baby-cv.component.ts
FN:28,BabyCvComponent
FN:41,(anonymous_2)
FN:64,(anonymous_3)
FN:92,(anonymous_4)
FN:153,(anonymous_5)
FN:257,(anonymous_6)
FN:260,(anonymous_7)
FN:263,(anonymous_8)
FN:274,(anonymous_9)
FN:287,(anonymous_10)
FN:297,(anonymous_11)
FN:303,(anonymous_12)
FN:304,(anonymous_13)
FN:307,(anonymous_14)
FN:312,(anonymous_15)
FN:316,(anonymous_16)
FN:324,(anonymous_17)
FN:325,(anonymous_18)
FN:342,(anonymous_19)
FN:355,(anonymous_20)
FNF:20
FNH:4
FNDA:1,BabyCvComponent
FNDA:1,(anonymous_2)
FNDA:1,(anonymous_3)
FNDA:0,(anonymous_4)
FNDA:0,(anonymous_5)
FNDA:0,(anonymous_6)
FNDA:0,(anonymous_7)
FNDA:0,(anonymous_8)
FNDA:0,(anonymous_9)
FNDA:0,(anonymous_10)
FNDA:0,(anonymous_11)
FNDA:0,(anonymous_12)
FNDA:0,(anonymous_13)
FNDA:0,(anonymous_14)
FNDA:0,(anonymous_15)
FNDA:0,(anonymous_16)
FNDA:1,(anonymous_17)
FNDA:0,(anonymous_18)
FNDA:0,(anonymous_19)
FNDA:0,(anonymous_20)
DA:19,1
DA:20,1
DA:21,1
DA:22,1
DA:23,1
DA:24,1
DA:29,1
DA:30,1
DA:31,1
DA:32,1
DA:33,1
DA:34,1
DA:35,1
DA:36,1
DA:38,1
DA:41,1
DA:42,1
DA:43,1
DA:44,1
DA:45,1
DA:46,1
DA:48,1
DA:49,1
DA:52,0
DA:53,0
DA:57,0
DA:58,0
DA:61,1
DA:64,1
DA:65,1
DA:67,1
DA:68,1
DA:69,1
DA:70,1
DA:71,1
DA:73,1
DA:92,1
DA:93,0
DA:96,0
DA:97,0
DA:98,0
DA:100,0
DA:104,0
DA:105,0
DA:106,0
DA:108,0
DA:112,0
DA:113,0
DA:114,0
DA:116,0
DA:120,0
DA:121,0
DA:122,0
DA:124,0
DA:128,0
DA:130,0
DA:133,0
DA:153,1
DA:154,0
DA:155,0
DA:158,0
DA:159,0
DA:162,0
DA:164,0
DA:165,0
DA:167,0
DA:168,0
DA:169,0
DA:170,0
DA:178,0
DA:179,0
DA:182,0
DA:184,0
DA:185,0
DA:187,0
DA:188,0
DA:189,0
DA:192,0
DA:198,0
DA:199,0
DA:202,0
DA:204,0
DA:205,0
DA:207,0
DA:208,0
DA:209,0
DA:212,0
DA:218,0
DA:219,0
DA:222,0
DA:224,0
DA:225,0
DA:227,0
DA:228,0
DA:229,0
DA:232,0
DA:238,0
DA:239,0
DA:242,0
DA:244,0
DA:245,0
DA:247,0
DA:248,0
DA:249,0
DA:250,0
DA:257,1
DA:258,0
DA:260,1
DA:261,0
DA:263,1
DA:264,0
DA:266,0
DA:267,0
DA:269,0
DA:270,0
DA:274,1
DA:275,0
DA:276,0
DA:277,0
DA:278,0
DA:279,0
DA:280,0
DA:281,0
DA:282,0
DA:283,0
DA:284,0
DA:287,1
DA:288,0
DA:290,0
DA:291,0
DA:292,0
DA:293,0
DA:297,1
DA:298,0
DA:300,0
DA:301,0
DA:302,0
DA:303,0
DA:304,0
DA:307,1
DA:308,0
DA:309,0
DA:310,0
DA:312,1
DA:313,0
DA:316,1
DA:317,0
DA:318,0
DA:319,0
DA:320,0
DA:321,0
DA:324,1
DA:325,1
DA:327,0
DA:329,0
DA:330,0
DA:333,0
DA:335,0
DA:336,0
DA:342,1
DA:343,0
DA:344,0
DA:346,0
DA:348,0
DA:349,0
DA:350,0
DA:351,0
DA:352,0
DA:354,0
DA:357,0
DA:359,0
DA:360,0
DA:361,0
DA:366,1
LF:174
LH:47
BRDA:155,0,0,0
BRDA:155,0,1,0
BRDA:155,0,2,0
BRF:3
BRH:0
end_of_record
TN:
SF:/home/aspl/Desktop/Avyantra/Avyantra/src/app/dashboard/baby-git/baby-git.component.ts
FN:25,BabyGitComponent
FN:30,(anonymous_2)
FN:49,(anonymous_3)
FN:62,(anonymous_4)
FN:81,(anonymous_5)
FN:97,(anonymous_6)
FN:99,(anonymous_7)
FN:101,(anonymous_8)
FN:111,(anonymous_9)
FN:122,(anonymous_10)
FN:132,(anonymous_11)
FN:138,(anonymous_12)
FN:139,(anonymous_13)
FN:142,(anonymous_14)
FN:145,(anonymous_15)
FN:148,(anonymous_16)
FN:155,(anonymous_17)
FN:156,(anonymous_18)
FN:172,(anonymous_19)
FN:182,(anonymous_20)
FN:192,(anonymous_21)
FN:196,(anonymous_22)
FNF:22
FNH:5
FNDA:3,BabyGitComponent
FNDA:4,(anonymous_2)
FNDA:3,(anonymous_3)
FNDA:0,(anonymous_4)
FNDA:0,(anonymous_5)
FNDA:0,(anonymous_6)
FNDA:0,(anonymous_7)
FNDA:0,(anonymous_8)
FNDA:0,(anonymous_9)
FNDA:0,(anonymous_10)
FNDA:0,(anonymous_11)
FNDA:0,(anonymous_12)
FNDA:0,(anonymous_13)
FNDA:0,(anonymous_14)
FNDA:0,(anonymous_15)
FNDA:0,(anonymous_16)
FNDA:4,(anonymous_17)
FNDA:1,(anonymous_18)
FNDA:0,(anonymous_19)
FNDA:0,(anonymous_20)
FNDA:0,(anonymous_21)
FNDA:0,(anonymous_22)
DA:18,1
DA:20,3
DA:21,3
DA:22,3
DA:26,3
DA:27,3
DA:28,3
DA:30,1
DA:31,4
DA:32,4
DA:33,4
DA:34,4
DA:35,4
DA:36,4
DA:37,4
DA:39,0
DA:40,0
DA:43,0
DA:44,0
DA:47,4
DA:49,1
DA:50,3
DA:51,3
DA:52,3
DA:62,1
DA:63,0
DA:65,0
DA:66,0
DA:68,0
DA:69,0
DA:71,0
DA:81,1
DA:82,0
DA:83,0
DA:86,0
DA:87,0
DA:88,0
DA:89,0
DA:91,0
DA:92,0
DA:93,0
DA:97,1
DA:99,1
DA:101,1
DA:102,0
DA:104,0
DA:105,0
DA:107,0
DA:108,0
DA:111,1
DA:112,0
DA:113,0
DA:114,0
DA:116,0
DA:118,0
DA:119,0
DA:120,0
DA:122,1
DA:123,0
DA:125,0
DA:126,0
DA:127,0
DA:128,0
DA:132,1
DA:133,0
DA:135,0
DA:136,0
DA:137,0
DA:138,0
DA:139,0
DA:142,1
DA:143,0
DA:145,1
DA:146,0
DA:148,1
DA:149,0
DA:150,0
DA:151,0
DA:152,0
DA:153,0
DA:155,4
DA:156,4
DA:158,1
DA:160,0
DA:161,0
DA:164,0
DA:166,0
DA:167,0
DA:172,1
DA:173,0
DA:174,0
DA:175,0
DA:178,0
DA:180,0
DA:181,0
DA:183,0
DA:185,0
DA:186,0
DA:187,0
DA:192,1
DA:193,0
DA:194,0
DA:196,1
DA:197,0
DA:198,0
DA:200,1
LF:106
LH:38
BRDA:83,0,0,0
BRDA:83,0,1,0
BRDA:83,0,2,0
BRF:3
BRH:0
end_of_record
TN:
SF:/home/aspl/Desktop/Avyantra/Avyantra/src/app/dashboard/baby-investigation/baby-investigation.component.ts
FN:85,BabyInvestigationComponent
FN:98,(anonymous_2)
FN:205,(anonymous_3)
FN:279,(anonymous_4)
FN:668,(anonymous_5)
FN:1068,(anonymous_6)
FN:1082,(anonymous_7)
FN:1102,(anonymous_8)
FN:1116,(anonymous_9)
FN:1136,(anonymous_10)
FN:1139,(anonymous_11)
FN:1143,(anonymous_12)
FN:1155,(anonymous_13)
FN:1165,(anonymous_14)
FN:1185,(anonymous_15)
FN:1197,(anonymous_16)
FN:1215,(anonymous_17)
FN:1228,(anonymous_18)
FN:1237,(anonymous_19)
FN:1248,(anonymous_20)
FN:1251,(anonymous_21)
FN:1257,(anonymous_22)
FN:1324,(anonymous_23)
FN:1331,(anonymous_24)
FN:1352,(anonymous_25)
FN:1356,(anonymous_26)
FN:1364,(anonymous_27)
FN:1365,(anonymous_28)
FN:1387,(anonymous_29)
FN:1408,(anonymous_30)
FN:1415,(anonymous_31)
FN:1426,(anonymous_32)
FN:1433,(anonymous_33)
FNF:33
FNH:5
FNDA:1,BabyInvestigationComponent
FNDA:1,(anonymous_2)
FNDA:1,(anonymous_3)
FNDA:0,(anonymous_4)
FNDA:0,(anonymous_5)
FNDA:0,(anonymous_6)
FNDA:0,(anonymous_7)
FNDA:0,(anonymous_8)
FNDA:0,(anonymous_9)
FNDA:0,(anonymous_10)
FNDA:0,(anonymous_11)
FNDA:0,(anonymous_12)
FNDA:0,(anonymous_13)
FNDA:0,(anonymous_14)
FNDA:0,(anonymous_15)
FNDA:0,(anonymous_16)
FNDA:0,(anonymous_17)
FNDA:0,(anonymous_18)
FNDA:0,(anonymous_19)
FNDA:0,(anonymous_20)
FNDA:0,(anonymous_21)
FNDA:0,(anonymous_22)
FNDA:0,(anonymous_23)
FNDA:0,(anonymous_24)
FNDA:0,(anonymous_25)
FNDA:0,(anonymous_26)
FNDA:1,(anonymous_27)
FNDA:6,(anonymous_28)
FNDA:0,(anonymous_29)
FNDA:0,(anonymous_30)
FNDA:0,(anonymous_31)
FNDA:0,(anonymous_32)
FNDA:0,(anonymous_33)
DA:19,1
DA:21,1
DA:25,1
DA:26,1
DA:27,1
DA:28,1
DA:29,1
DA:30,1
DA:32,1
DA:33,1
DA:34,1
DA:36,1
DA:37,1
DA:38,1
DA:39,1
DA:40,1
DA:41,1
DA:42,1
DA:43,1
DA:44,1
DA:45,1
DA:46,1
DA:47,1
DA:48,1
DA:49,1
DA:50,1
DA:51,1
DA:52,1
DA:53,1
DA:54,1
DA:55,1
DA:56,1
DA:57,1
DA:58,1
DA:59,1
DA:60,1
DA:61,1
DA:62,1
DA:63,1
DA:64,1
DA:65,1
DA:66,1
DA:67,1
DA:69,1
DA:70,1
DA:72,1
DA:73,1
DA:78,1
DA:80,1
DA:84,1
DA:86,1
DA:87,1
DA:88,1
DA:89,1
DA:90,1
DA:91,1
DA:92,1
DA:93,1
DA:95,1
DA:98,1
DA:99,1
DA:100,1
DA:101,1
DA:102,1
DA:103,1
DA:104,1
DA:106,0
DA:107,0
DA:111,0
DA:112,0
DA:115,1
DA:117,1
DA:125,1
DA:141,1
DA:151,1
DA:196,1
DA:201,1
DA:205,1
DA:206,1
DA:208,1
DA:209,1
DA:210,1
DA:211,1
DA:212,1
DA:213,1
DA:214,1
DA:215,1
DA:216,1
DA:217,1
DA:218,1
DA:219,1
DA:220,1
DA:221,1
DA:222,1
DA:223,1
DA:224,1
DA:225,1
DA:227,1
DA:228,1
DA:229,1
DA:230,1
DA:231,1
DA:232,1
DA:234,1
DA:279,1
DA:280,0
DA:281,0
DA:284,0
DA:285,0
DA:286,0
DA:288,0
DA:292,0
DA:293,0
DA:294,0
DA:296,0
DA:300,0
DA:301,0
DA:302,0
DA:304,0
DA:305,0
DA:306,0
DA:311,0
DA:312,0
DA:313,0
DA:315,0
DA:316,0
DA:317,0
DA:321,0
DA:322,0
DA:323,0
DA:325,0
DA:326,0
DA:327,0
DA:331,0
DA:332,0
DA:333,0
DA:335,0
DA:336,0
DA:337,0
DA:341,0
DA:342,0
DA:343,0
DA:345,0
DA:346,0
DA:347,0
DA:351,0
DA:352,0
DA:353,0
DA:355,0
DA:356,0
DA:357,0
DA:361,0
DA:362,0
DA:363,0
DA:365,0
DA:366,0
DA:367,0
DA:371,0
DA:372,0
DA:373,0
DA:375,0
DA:376,0
DA:377,0
DA:381,0
DA:382,0
DA:383,0
DA:385,0
DA:386,0
DA:387,0
DA:391,0
DA:392,0
DA:393,0
DA:395,0
DA:396,0
DA:397,0
DA:401,0
DA:402,0
DA:403,0
DA:405,0
DA:406,0
DA:407,0
DA:411,0
DA:412,0
DA:413,0
DA:415,0
DA:416,0
DA:417,0
DA:421,0
DA:422,0
DA:423,0
DA:425,0
DA:426,0
DA:427,0
DA:431,0
DA:432,0
DA:433,0
DA:435,0
DA:436,0
DA:437,0
DA:441,0
DA:442,0
DA:443,0
DA:445,0
DA:446,0
DA:447,0
DA:451,0
DA:452,0
DA:453,0
DA:455,0
DA:456,0
DA:457,0
DA:461,0
DA:462,0
DA:463,0
DA:465,0
DA:466,0
DA:467,0
DA:471,0
DA:472,0
DA:473,0
DA:475,0
DA:476,0
DA:477,0
DA:480,0
DA:481,0
DA:482,0
DA:483,0
DA:484,0
DA:488,0
DA:489,0
DA:490,0
DA:493,0
DA:495,0
DA:501,0
DA:502,0
DA:503,0
DA:504,0
DA:505,0
DA:511,0
DA:512,0
DA:513,0
DA:516,0
DA:518,0
DA:524,0
DA:525,0
DA:526,0
DA:527,0
DA:528,0
DA:534,0
DA:535,0
DA:536,0
DA:539,0
DA:541,0
DA:547,0
DA:549,0
DA:550,0
DA:554,0
DA:556,0
DA:557,0
DA:561,0
DA:563,0
DA:564,0
DA:570,0
DA:571,0
DA:573,0
DA:579,0
DA:580,0
DA:582,0
DA:588,0
DA:589,0
DA:591,0
DA:597,0
DA:598,0
DA:600,0
DA:607,0
DA:608,0
DA:610,0
DA:616,0
DA:617,0
DA:619,0
DA:622,0
DA:668,1
DA:669,0
DA:670,0
DA:673,0
DA:674,0
DA:677,0
DA:679,0
DA:680,0
DA:682,0
DA:683,0
DA:686,0
DA:687,0
DA:693,0
DA:694,0
DA:697,0
DA:699,0
DA:700,0
DA:702,0
DA:705,0
DA:706,0
DA:707,0
DA:713,0
DA:714,0
DA:717,0
DA:719,0
DA:720,0
DA:722,0
DA:725,0
DA:726,0
DA:727,0
DA:733,0
DA:734,0
DA:737,0
DA:739,0
DA:740,0
DA:742,0
DA:745,0
DA:746,0
DA:747,0
DA:753,0
DA:754,0
DA:757,0
DA:759,0
DA:760,0
DA:762,0
DA:765,0
DA:766,0
DA:767,0
DA:773,0
DA:774,0
DA:777,0
DA:779,0
DA:780,0
DA:782,0
DA:785,0
DA:786,0
DA:787,0
DA:793,0
DA:794,0
DA:797,0
DA:799,0
DA:800,0
DA:802,0
DA:805,0
DA:806,0
DA:807,0
DA:813,0
DA:814,0
DA:817,0
DA:819,0
DA:820,0
DA:822,0
DA:825,0
DA:826,0
DA:827,0
DA:833,0
DA:834,0
DA:837,0
DA:839,0
DA:840,0
DA:842,0
DA:845,0
DA:846,0
DA:847,0
DA:853,0
DA:854,0
DA:857,0
DA:859,0
DA:860,0
DA:862,0
DA:865,0
DA:866,0
DA:867,0
DA:873,0
DA:874,0
DA:877,0
DA:879,0
DA:880,0
DA:882,0
DA:885,0
DA:886,0
DA:887,0
DA:893,0
DA:894,0
DA:897,0
DA:899,0
DA:900,0
DA:902,0
DA:905,0
DA:906,0
DA:907,0
DA:913,0
DA:914,0
DA:917,0
DA:919,0
DA:920,0
DA:922,0
DA:925,0
DA:926,0
DA:927,0
DA:933,0
DA:934,0
DA:937,0
DA:939,0
DA:940,0
DA:942,0
DA:945,0
DA:946,0
DA:947,0
DA:953,0
DA:954,0
DA:957,0
DA:959,0
DA:960,0
DA:962,0
DA:965,0
DA:966,0
DA:967,0
DA:973,0
DA:974,0
DA:977,0
DA:979,0
DA:980,0
DA:982,0
DA:985,0
DA:986,0
DA:987,0
DA:993,0
DA:994,0
DA:997,0
DA:999,0
DA:1000,0
DA:1002,0
DA:1005,0
DA:1006,0
DA:1007,0
DA:1013,0
DA:1014,0
DA:1017,0
DA:1019,0
DA:1020,0
DA:1022,0
DA:1025,0
DA:1026,0
DA:1027,0
DA:1033,0
DA:1034,0
DA:1038,0
DA:1039,0
DA:1045,0
DA:1046,0
DA:1050,0
DA:1051,0
DA:1057,0
DA:1058,0
DA:1062,0
DA:1063,0
DA:1068,1
DA:1070,0
DA:1071,0
DA:1072,0
DA:1076,0
DA:1077,0
DA:1078,0
DA:1082,1
DA:1084,0
DA:1087,0
DA:1088,0
DA:1089,0
DA:1093,0
DA:1096,0
DA:1097,0
DA:1098,0
DA:1102,1
DA:1104,0
DA:1105,0
DA:1106,0
DA:1110,0
DA:1111,0
DA:1112,0
DA:1116,1
DA:1118,0
DA:1121,0
DA:1122,0
DA:1123,0
DA:1127,0
DA:1130,0
DA:1131,0
DA:1132,0
DA:1136,1
DA:1137,0
DA:1139,1
DA:1140,0
DA:1143,1
DA:1144,0
DA:1146,0
DA:1147,0
DA:1148,0
DA:1150,0
DA:1151,0
DA:1155,1
DA:1156,0
DA:1157,0
DA:1159,0
DA:1161,0
DA:1162,0
DA:1165,1
DA:1166,0
DA:1170,0
DA:1171,0
DA:1172,0
DA:1174,0
DA:1176,0
DA:1177,0
DA:1185,1
DA:1186,0
DA:1188,0
DA:1197,1
DA:1198,0
DA:1203,0
DA:1205,0
DA:1207,0
DA:1215,1
DA:1216,0
DA:1221,0
DA:1223,0
DA:1228,1
DA:1229,0
DA:1231,0
DA:1233,0
DA:1237,1
DA:1238,0
DA:1242,0
DA:1243,0
DA:1246,0
DA:1247,0
DA:1249,0
DA:1252,0
DA:1257,1
DA:1258,0
DA:1262,0
DA:1263,0
DA:1265,0
DA:1266,0
DA:1267,0
DA:1272,0
DA:1273,0
DA:1274,0
DA:1277,0
DA:1283,0
DA:1284,0
DA:1286,0
DA:1287,0
DA:1288,0
DA:1293,0
DA:1294,0
DA:1295,0
DA:1298,0
DA:1304,0
DA:1305,0
DA:1307,0
DA:1308,0
DA:1309,0
DA:1314,0
DA:1315,0
DA:1316,0
DA:1319,0
DA:1324,1
DA:1325,0
DA:1326,0
DA:1327,0
DA:1328,0
DA:1331,1
DA:1333,0
DA:1336,0
DA:1339,0
DA:1342,0
DA:1345,0
DA:1348,0
DA:1352,1
DA:1353,0
DA:1356,1
DA:1357,0
DA:1358,0
DA:1359,0
DA:1360,0
DA:1361,0
DA:1364,1
DA:1365,1
DA:1367,6
DA:1369,0
DA:1370,0
DA:1371,0
DA:1372,0
DA:1376,0
DA:1378,0
DA:1379,0
DA:1380,0
DA:1381,0
DA:1387,1
DA:1389,0
DA:1392,0
DA:1395,0
DA:1398,0
DA:1401,0
DA:1404,0
DA:1408,1
DA:1409,0
DA:1411,0
DA:1414,0
DA:1415,0
DA:1417,0
DA:1420,0
DA:1426,1
DA:1427,0
DA:1428,0
DA:1429,0
DA:1433,1
DA:1434,0
DA:1435,0
DA:1438,0
DA:1440,0
DA:1444,0
DA:1446,0
DA:1450,0
DA:1452,0
DA:1455,0
DA:1456,0
DA:1457,0
DA:1460,0
DA:1463,0
DA:1466,0
DA:1469,0
DA:1472,0
DA:1475,0
DA:1478,0
DA:1481,0
DA:1484,0
DA:1487,0
DA:1490,0
DA:1493,0
DA:1496,0
DA:1499,0
DA:1502,0
DA:1505,0
DA:1508,0
DA:1511,0
DA:1514,0
DA:1517,0
DA:1520,0
DA:1523,1
LF:652
LH:129
BRDA:283,0,0,0
BRDA:283,0,1,0
BRDA:291,1,0,0
BRDA:291,1,1,0
BRDA:670,2,0,0
BRDA:670,2,1,0
BRDA:670,2,2,0
BRDA:1069,3,0,0
BRDA:1069,3,1,0
BRDA:1075,4,0,0
BRDA:1075,4,1,0
BRDA:1083,5,0,0
BRDA:1083,5,1,0
BRDA:1092,6,0,0
BRDA:1092,6,1,0
BRDA:1200,7,0,0
BRDA:1200,7,1,0
BRDA:1218,8,0,0
BRDA:1218,8,1,0
BRF:19
BRH:0
end_of_record
TN:
SF:/home/aspl/Desktop/Avyantra/Avyantra/src/app/dashboard/baby-resp/baby-resp.component.ts
FN:54,BabyRespComponent
FN:67,(anonymous_2)
FN:102,(anonymous_3)
FN:134,(anonymous_4)
FN:194,(anonymous_5)
FN:237,(anonymous_6)
FN:241,(anonymous_7)
FN:245,(anonymous_8)
FN:256,(anonymous_9)
FN:259,(anonymous_10)
FN:270,(anonymous_11)
FN:280,(anonymous_12)
FN:289,(anonymous_13)
FN:290,(anonymous_14)
FN:294,(anonymous_15)
FN:311,(anonymous_16)
FN:320,(anonymous_17)
FN:324,(anonymous_18)
FN:332,(anonymous_19)
FN:333,(anonymous_20)
FN:355,(anonymous_21)
FN:361,(anonymous_22)
FN:371,(anonymous_23)
FN:384,(anonymous_24)
FNF:24
FNH:5
FNDA:1,BabyRespComponent
FNDA:1,(anonymous_2)
FNDA:1,(anonymous_3)
FNDA:0,(anonymous_4)
FNDA:0,(anonymous_5)
FNDA:0,(anonymous_6)
FNDA:0,(anonymous_7)
FNDA:0,(anonymous_8)
FNDA:0,(anonymous_9)
FNDA:0,(anonymous_10)
FNDA:0,(anonymous_11)
FNDA:0,(anonymous_12)
FNDA:0,(anonymous_13)
FNDA:0,(anonymous_14)
FNDA:0,(anonymous_15)
FNDA:0,(anonymous_16)
FNDA:0,(anonymous_17)
FNDA:0,(anonymous_18)
FNDA:1,(anonymous_19)
FNDA:1,(anonymous_20)
FNDA:0,(anonymous_21)
FNDA:0,(anonymous_22)
FNDA:0,(anonymous_23)
FNDA:0,(anonymous_24)
DA:19,1
DA:21,1
DA:25,1
DA:26,1
DA:27,1
DA:28,1
DA:29,1
DA:31,1
DA:32,1
DA:33,1
DA:35,1
DA:36,1
DA:37,1
DA:39,1
DA:40,1
DA:45,1
DA:47,1
DA:48,1
DA:52,1
DA:55,1
DA:56,1
DA:57,1
DA:58,1
DA:59,1
DA:60,1
DA:61,1
DA:62,1
DA:64,1
DA:67,1
DA:68,1
DA:69,1
DA:70,1
DA:71,1
DA:72,1
DA:73,1
DA:75,0
DA:76,0
DA:80,0
DA:81,0
DA:84,1
DA:86,1
DA:96,1
DA:102,1
DA:103,1
DA:105,1
DA:106,1
DA:107,1
DA:109,1
DA:111,1
DA:131,1
DA:134,1
DA:135,0
DA:137,0
DA:138,0
DA:139,0
DA:141,0
DA:142,0
DA:146,0
DA:147,0
DA:148,0
DA:150,0
DA:154,0
DA:156,0
DA:157,0
DA:165,0
DA:166,0
DA:167,0
DA:169,0
DA:172,0
DA:194,1
DA:195,0
DA:196,0
DA:199,0
DA:200,0
DA:203,0
DA:205,0
DA:206,0
DA:208,0
DA:209,0
DA:210,0
DA:213,0
DA:218,0
DA:219,0
DA:222,0
DA:224,0
DA:225,0
DA:227,0
DA:228,0
DA:229,0
DA:232,0
DA:237,1
DA:238,0
DA:241,1
DA:242,0
DA:245,1
DA:246,0
DA:248,0
DA:249,0
DA:250,0
DA:252,0
DA:253,0
DA:256,1
DA:259,1
DA:260,0
DA:261,0
DA:262,0
DA:264,0
DA:265,0
DA:266,0
DA:267,0
DA:270,1
DA:271,0
DA:273,0
DA:274,0
DA:275,0
DA:276,0
DA:280,1
DA:281,0
DA:284,0
DA:285,0
DA:287,0
DA:288,0
DA:289,0
DA:290,0
DA:294,1
DA:295,0
DA:298,0
DA:299,0
DA:300,0
DA:302,0
DA:303,0
DA:304,0
DA:305,0
DA:311,1
DA:312,0
DA:314,0
DA:316,0
DA:317,0
DA:320,1
DA:321,0
DA:324,1
DA:325,0
DA:326,0
DA:327,0
DA:328,0
DA:329,0
DA:332,1
DA:333,1
DA:335,1
DA:337,0
DA:338,0
DA:339,0
DA:340,0
DA:344,0
DA:346,0
DA:347,0
DA:348,0
DA:349,0
DA:355,1
DA:357,0
DA:360,0
DA:361,0
DA:363,0
DA:366,0
DA:371,1
DA:372,0
DA:375,0
DA:377,0
DA:380,0
DA:384,1
DA:385,0
DA:386,0
DA:387,0
DA:390,1
LF:174
LH:66
BRDA:196,0,0,0
BRDA:196,0,1,0
BRDA:196,0,2,0
BRF:3
BRH:0
end_of_record
TN:
SF:/home/aspl/Desktop/Avyantra/Avyantra/src/app/dashboard/basic/basic.component.ts
FN:36,BasicComponent
FN:44,(anonymous_2)
FN:56,(anonymous_3)
FN:79,(anonymous_4)
FN:95,(anonymous_5)
FN:98,(anonymous_6)
FN:102,(anonymous_7)
FN:107,(anonymous_8)
FN:118,(anonymous_9)
FN:124,(anonymous_10)
FN:136,(anonymous_11)
FN:160,(anonymous_12)
FN:166,(anonymous_13)
FN:179,(anonymous_14)
FN:185,(anonymous_15)
FN:194,(anonymous_16)
FN:202,(anonymous_17)
FN:215,(anonymous_18)
FN:227,(anonymous_19)
FN:243,(anonymous_20)
FN:256,(anonymous_21)
FNF:21
FNH:0
FNDA:0,BasicComponent
FNDA:0,(anonymous_2)
FNDA:0,(anonymous_3)
FNDA:0,(anonymous_4)
FNDA:0,(anonymous_5)
FNDA:0,(anonymous_6)
FNDA:0,(anonymous_7)
FNDA:0,(anonymous_8)
FNDA:0,(anonymous_9)
FNDA:0,(anonymous_10)
FNDA:0,(anonymous_11)
FNDA:0,(anonymous_12)
FNDA:0,(anonymous_13)
FNDA:0,(anonymous_14)
FNDA:0,(anonymous_15)
FNDA:0,(anonymous_16)
FNDA:0,(anonymous_17)
FNDA:0,(anonymous_18)
FNDA:0,(anonymous_19)
FNDA:0,(anonymous_20)
FNDA:0,(anonymous_21)
DA:21,1
DA:23,0
DA:24,0
DA:25,0
DA:26,1
DA:27,1
DA:28,0
DA:29,0
DA:30,0
DA:31,0
DA:34,1
DA:35,1
DA:37,0
DA:38,0
DA:39,0
DA:40,0
DA:41,0
DA:44,1
DA:45,0
DA:46,0
DA:48,0
DA:50,0
DA:51,0
DA:53,0
DA:56,1
DA:57,0
DA:58,0
DA:76,0
DA:79,1
DA:80,0
DA:81,0
DA:95,1
DA:96,0
DA:98,1
DA:99,0
DA:102,1
DA:104,0
DA:107,1
DA:108,0
DA:110,0
DA:112,0
DA:114,0
DA:117,0
DA:120,0
DA:122,0
DA:125,0
DA:136,1
DA:137,0
DA:139,0
DA:140,0
DA:142,0
DA:143,0
DA:144,0
DA:151,0
DA:152,0
DA:154,0
DA:160,1
DA:163,0
DA:164,0
DA:165,0
DA:166,0
DA:168,0
DA:170,0
DA:172,0
DA:173,0
DA:176,0
DA:177,0
DA:178,0
DA:181,0
DA:183,0
DA:186,0
DA:192,0
DA:194,0
DA:197,0
DA:198,0
DA:202,1
DA:203,0
DA:204,0
DA:215,1
DA:216,0
DA:218,0
DA:227,1
DA:228,0
DA:233,0
DA:235,0
DA:243,1
DA:244,0
DA:249,0
DA:251,0
DA:256,1
DA:257,0
DA:259,0
DA:261,0
DA:264,1
LF:94
LH:20
BRDA:230,0,0,0
BRDA:230,0,1,0
BRDA:246,1,0,0
BRDA:246,1,1,0
BRF:4
BRH:0
end_of_record
TN:
SF:/home/aspl/Desktop/Avyantra/Avyantra/src/app/dashboard/final/final.component.ts
FN:31,FinalComponent
FN:33,(anonymous_2)
FN:39,(anonymous_3)
FN:61,(anonymous_4)
FN:90,(anonymous_5)
FN:136,(anonymous_6)
FN:148,(anonymous_7)
FN:197,(anonymous_8)
FN:199,(anonymous_9)
FN:201,(anonymous_10)
FN:213,(anonymous_11)
FN:229,(anonymous_12)
FN:250,(anonymous_13)
FN:257,(anonymous_14)
FN:270,(anonymous_15)
FN:281,(anonymous_16)
FN:290,(anonymous_17)
FN:299,(anonymous_18)
FN:303,(anonymous_19)
FN:306,(anonymous_20)
FN:312,(anonymous_21)
FN:316,(anonymous_22)
FN:317,(anonymous_23)
FN:335,(anonymous_24)
FN:349,(anonymous_25)
FN:360,(anonymous_26)
FN:363,(anonymous_27)
FN:366,(anonymous_28)
FN:374,(anonymous_29)
FN:387,(anonymous_30)
FN:390,(anonymous_31)
FN:433,(anonymous_32)
FNF:32
FNH:4
FNDA:1,FinalComponent
FNDA:0,(anonymous_2)
FNDA:1,(anonymous_3)
FNDA:1,(anonymous_4)
FNDA:0,(anonymous_5)
FNDA:0,(anonymous_6)
FNDA:0,(anonymous_7)
FNDA:0,(anonymous_8)
FNDA:0,(anonymous_9)
FNDA:0,(anonymous_10)
FNDA:0,(anonymous_11)
FNDA:0,(anonymous_12)
FNDA:0,(anonymous_13)
FNDA:0,(anonymous_14)
FNDA:0,(anonymous_15)
FNDA:0,(anonymous_16)
FNDA:0,(anonymous_17)
FNDA:0,(anonymous_18)
FNDA:0,(anonymous_19)
FNDA:0,(anonymous_20)
FNDA:0,(anonymous_21)
FNDA:1,(anonymous_22)
FNDA:0,(anonymous_23)
FNDA:0,(anonymous_24)
FNDA:0,(anonymous_25)
FNDA:0,(anonymous_26)
FNDA:0,(anonymous_27)
FNDA:0,(anonymous_28)
FNDA:0,(anonymous_29)
FNDA:0,(anonymous_30)
FNDA:0,(anonymous_31)
FNDA:0,(anonymous_32)
DA:21,1
DA:22,1
DA:23,1
DA:24,1
DA:25,1
DA:26,1
DA:27,1
DA:29,1
DA:30,1
DA:31,1
DA:32,1
DA:33,1
DA:35,0
DA:39,1
DA:40,1
DA:41,1
DA:42,1
DA:43,1
DA:44,1
DA:45,1
DA:47,0
DA:48,0
DA:52,0
DA:53,0
DA:54,0
DA:57,1
DA:58,1
DA:61,1
DA:62,1
DA:63,1
DA:64,1
DA:65,1
DA:90,1
DA:91,0
DA:93,0
DA:95,0
DA:98,0
DA:99,0
DA:100,0
DA:102,0
DA:103,0
DA:104,0
DA:107,0
DA:109,0
DA:111,0
DA:136,1
DA:137,0
DA:138,0
DA:139,0
DA:140,0
DA:141,0
DA:142,0
DA:143,0
DA:144,0
DA:145,0
DA:148,1
DA:149,0
DA:150,0
DA:153,0
DA:154,0
DA:158,0
DA:159,0
DA:166,0
DA:167,0
DA:170,0
DA:171,0
DA:172,0
DA:174,0
DA:175,0
DA:176,0
DA:177,0
DA:183,0
DA:184,0
DA:185,0
DA:186,0
DA:187,0
DA:189,0
DA:190,0
DA:191,0
DA:192,0
DA:197,1
DA:199,1
DA:201,1
DA:202,0
DA:204,0
DA:205,0
DA:206,0
DA:208,0
DA:209,0
DA:213,1
DA:214,0
DA:215,0
DA:216,0
DA:217,0
DA:219,0
DA:222,0
DA:224,0
DA:225,0
DA:226,0
DA:227,0
DA:229,1
DA:230,0
DA:234,0
DA:235,0
DA:236,0
DA:239,0
DA:241,0
DA:242,0
DA:250,1
DA:251,0
DA:253,0
DA:257,1
DA:258,0
DA:263,0
DA:265,0
DA:267,0
DA:270,1
DA:271,0
DA:276,0
DA:278,0
DA:281,1
DA:282,0
DA:284,0
DA:286,0
DA:290,1
DA:291,0
DA:295,0
DA:296,0
DA:298,0
DA:299,0
DA:300,0
DA:301,0
DA:303,0
DA:306,1
DA:307,0
DA:308,0
DA:309,0
DA:312,1
DA:313,0
DA:316,1
DA:317,1
DA:319,0
DA:321,0
DA:322,0
DA:326,0
DA:328,0
DA:329,0
DA:335,1
DA:336,0
DA:337,0
DA:338,0
DA:340,0
DA:343,0
DA:346,0
DA:348,0
DA:351,0
DA:353,0
DA:354,0
DA:355,0
DA:360,1
DA:361,0
DA:363,1
DA:364,0
DA:366,1
DA:367,0
DA:369,0
DA:370,0
DA:371,0
DA:372,0
DA:373,0
DA:376,0
DA:377,0
DA:379,0
DA:380,0
DA:381,0
DA:382,0
DA:383,0
DA:384,0
DA:387,0
DA:390,1
DA:391,0
DA:392,0
DA:393,0
DA:395,0
DA:396,0
DA:399,0
DA:400,0
DA:403,0
DA:404,0
DA:407,0
DA:408,0
DA:411,0
DA:412,0
DA:415,0
DA:416,0
DA:419,0
DA:420,0
DA:423,0
DA:424,0
DA:427,0
DA:428,0
DA:430,0
DA:433,1
DA:435,0
DA:437,0
DA:439,1
LF:206
LH:50
BRDA:150,0,0,0
BRDA:150,0,1,0
BRDA:150,0,2,0
BRDA:260,1,0,0
BRDA:260,1,1,0
BRDA:273,2,0,0
BRDA:273,2,1,0
BRF:7
BRH:0
end_of_record
TN:
SF:/home/aspl/Desktop/Avyantra/Avyantra/src/app/dashboard/general/general.component.ts
FN:88,GeneralComponent
FN:95,(anonymous_2)
FN:102,(anonymous_3)
FN:108,(anonymous_4)
FN:132,(anonymous_5)
FN:137,(anonymous_6)
FN:142,(anonymous_7)
FN:151,(anonymous_8)
FN:173,(anonymous_9)
FN:179,(anonymous_10)
FN:184,(anonymous_11)
FN:193,(anonymous_12)
FN:211,(anonymous_13)
FN:222,(anonymous_14)
FN:296,(anonymous_15)
FN:492,(anonymous_16)
FN:734,(anonymous_17)
FN:752,(anonymous_18)
FN:756,(anonymous_19)
FN:760,(anonymous_20)
FN:837,(anonymous_21)
FN:853,(anonymous_22)
FN:865,(anonymous_23)
FN:929,(anonymous_24)
FN:957,(anonymous_25)
FN:970,(anonymous_26)
FN:988,(anonymous_27)
FN:1001,(anonymous_28)
FN:1011,(anonymous_29)
FN:1022,(anonymous_30)
FN:1029,(anonymous_31)
FN:1035,(anonymous_32)
FN:1079,(anonymous_33)
FN:1152,(anonymous_34)
FNF:34
FNH:10
FNDA:1,GeneralComponent
FNDA:0,(anonymous_2)
FNDA:1,(anonymous_3)
FNDA:0,(anonymous_4)
FNDA:0,(anonymous_5)
FNDA:0,(anonymous_6)
FNDA:0,(anonymous_7)
FNDA:1,(anonymous_8)
FNDA:1,(anonymous_9)
FNDA:0,(anonymous_10)
FNDA:0,(anonymous_11)
FNDA:0,(anonymous_12)
FNDA:0,(anonymous_13)
FNDA:1,(anonymous_14)
FNDA:0,(anonymous_15)
FNDA:0,(anonymous_16)
FNDA:1,(anonymous_17)
FNDA:0,(anonymous_18)
FNDA:0,(anonymous_19)
FNDA:0,(anonymous_20)
FNDA:0,(anonymous_21)
FNDA:0,(anonymous_22)
FNDA:1,(anonymous_23)
FNDA:0,(anonymous_24)
FNDA:0,(anonymous_25)
FNDA:1,(anonymous_26)
FNDA:0,(anonymous_27)
FNDA:0,(anonymous_28)
FNDA:1,(anonymous_29)
FNDA:1,(anonymous_30)
FNDA:0,(anonymous_31)
FNDA:0,(anonymous_32)
FNDA:0,(anonymous_33)
FNDA:0,(anonymous_34)
DA:26,1
DA:28,1
DA:29,1
DA:30,1
DA:31,1
DA:32,1
DA:34,1
DA:37,1
DA:39,1
DA:40,1
DA:41,1
DA:42,1
DA:44,1
DA:46,1
DA:47,1
DA:48,1
DA:50,1
DA:51,1
DA:52,1
DA:53,1
DA:54,1
DA:55,1
DA:56,1
DA:57,1
DA:58,1
DA:59,1
DA:60,1
DA:61,1
DA:62,1
DA:63,1
DA:64,1
DA:65,1
DA:67,1
DA:68,1
DA:70,1
DA:74,1
DA:76,1
DA:77,1
DA:79,1
DA:80,1
DA:83,1
DA:86,1
DA:88,1
DA:89,1
DA:90,1
DA:91,1
DA:92,1
DA:93,1
DA:95,1
DA:97,0
DA:102,1
DA:104,1
DA:108,1
DA:109,0
DA:110,0
DA:111,0
DA:114,0
DA:115,0
DA:116,0
DA:117,0
DA:118,0
DA:120,0
DA:121,0
DA:122,0
DA:123,0
DA:124,0
DA:127,0
DA:128,0
DA:129,0
DA:132,0
DA:133,0
DA:134,0
DA:137,0
DA:138,0
DA:142,1
DA:144,0
DA:147,0
DA:151,1
DA:152,1
DA:153,1
DA:154,1
DA:156,1
DA:157,1
DA:158,1
DA:159,1
DA:160,1
DA:162,1
DA:163,1
DA:164,1
DA:165,1
DA:166,1
DA:170,1
DA:173,1
DA:174,1
DA:175,1
DA:176,0
DA:179,1
DA:180,0
DA:184,1
DA:185,0
DA:186,0
DA:187,0
DA:188,0
DA:189,0
DA:190,0
DA:193,1
DA:194,0
DA:196,0
DA:198,0
DA:200,0
DA:203,0
DA:204,0
DA:211,1
DA:212,0
DA:213,0
DA:216,0
DA:219,0
DA:222,1
DA:223,1
DA:224,1
DA:226,1
DA:227,1
DA:228,1
DA:229,1
DA:230,1
DA:231,1
DA:232,1
DA:233,1
DA:234,1
DA:235,1
DA:236,1
DA:237,1
DA:240,1
DA:296,1
DA:297,0
DA:299,0
DA:300,0
DA:302,0
DA:303,0
DA:304,0
DA:308,0
DA:309,0
DA:310,0
DA:313,0
DA:315,0
DA:322,0
DA:323,0
DA:325,0
DA:326,0
DA:328,0
DA:332,0
DA:333,0
DA:334,0
DA:338,0
DA:339,0
DA:346,0
DA:347,0
DA:348,0
DA:350,0
DA:351,0
DA:352,0
DA:356,0
DA:358,0
DA:362,0
DA:364,0
DA:368,0
DA:370,0
DA:374,0
DA:376,0
DA:380,0
DA:382,0
DA:386,0
DA:388,0
DA:392,0
DA:394,0
DA:398,0
DA:400,0
DA:404,0
DA:406,0
DA:410,0
DA:412,0
DA:416,0
DA:418,0
DA:422,0
DA:423,0
DA:424,0
DA:426,0
DA:427,0
DA:428,0
DA:431,0
DA:432,0
DA:433,0
DA:435,0
DA:436,0
DA:492,1
DA:493,0
DA:494,0
DA:498,0
DA:499,0
DA:502,0
DA:503,0
DA:504,0
DA:506,0
DA:508,0
DA:511,0
DA:512,0
DA:518,0
DA:519,0
DA:522,0
DA:523,0
DA:524,0
DA:526,0
DA:527,0
DA:530,0
DA:531,0
DA:537,0
DA:538,0
DA:542,0
DA:543,0
DA:551,0
DA:552,0
DA:555,0
DA:558,0
DA:559,0
DA:561,0
DA:562,0
DA:563,0
DA:564,0
DA:566,0
DA:567,0
DA:568,0
DA:569,0
DA:570,0
DA:571,0
DA:574,0
DA:582,0
DA:583,0
DA:586,0
DA:587,0
DA:588,0
DA:590,0
DA:591,0
DA:594,0
DA:595,0
DA:601,0
DA:602,0
DA:605,0
DA:606,0
DA:607,0
DA:609,0
DA:610,0
DA:613,0
DA:614,0
DA:620,0
DA:621,0
DA:624,0
DA:625,0
DA:626,0
DA:628,0
DA:629,0
DA:632,0
DA:633,0
DA:639,0
DA:640,0
DA:643,0
DA:644,0
DA:645,0
DA:647,0
DA:648,0
DA:651,0
DA:652,0
DA:658,0
DA:659,0
DA:662,0
DA:663,0
DA:664,0
DA:666,0
DA:667,0
DA:668,0
DA:671,0
DA:672,0
DA:675,0
DA:676,0
DA:682,0
DA:683,0
DA:686,0
DA:687,0
DA:688,0
DA:690,0
DA:691,0
DA:694,0
DA:695,0
DA:701,0
DA:702,0
DA:706,0
DA:707,0
DA:715,0
DA:716,0
DA:719,0
DA:720,0
DA:721,0
DA:723,0
DA:724,0
DA:727,0
DA:728,0
DA:734,1
DA:735,1
DA:736,1
DA:738,0
DA:739,0
DA:740,0
DA:741,0
DA:742,0
DA:743,0
DA:745,1
DA:746,1
DA:747,1
DA:748,1
DA:749,1
DA:752,1
DA:756,1
DA:757,0
DA:760,1
DA:761,0
DA:762,0
DA:763,0
DA:764,0
DA:766,0
DA:767,0
DA:768,0
DA:769,0
DA:770,0
DA:772,0
DA:776,0
DA:780,0
DA:784,0
DA:788,0
DA:792,0
DA:796,0
DA:800,0
DA:804,0
DA:808,0
DA:812,0
DA:816,0
DA:820,0
DA:824,0
DA:827,0
DA:829,0
DA:830,0
DA:831,0
DA:833,0
DA:836,0
DA:839,0
DA:840,0
DA:843,0
DA:844,0
DA:845,0
DA:846,0
DA:847,0
DA:848,0
DA:849,0
DA:850,0
DA:854,0
DA:865,1
DA:866,1
DA:869,0
DA:870,0
DA:871,0
DA:875,0
DA:876,0
DA:877,0
DA:878,0
DA:879,0
DA:880,0
DA:881,0
DA:884,0
DA:886,0
DA:895,0
DA:896,0
DA:901,1
DA:902,1
DA:906,0
DA:909,0
DA:913,0
DA:914,0
DA:918,1
DA:920,0
DA:921,0
DA:929,1
DA:931,0
DA:932,0
DA:933,0
DA:934,0
DA:936,0
DA:937,0
DA:938,0
DA:939,0
DA:942,0
DA:943,0
DA:944,0
DA:945,0
DA:957,1
DA:958,0
DA:959,0
DA:961,0
DA:970,1
DA:971,1
DA:976,0
DA:978,1
DA:980,0
DA:988,1
DA:989,0
DA:994,0
DA:996,0
DA:1001,1
DA:1002,0
DA:1003,0
DA:1005,0
DA:1007,0
DA:1011,1
DA:1012,1
DA:1016,1
DA:1017,1
DA:1020,1
DA:1021,1
DA:1024,0
DA:1025,0
DA:1027,1
DA:1030,0
DA:1035,1
DA:1036,0
DA:1040,0
DA:1041,0
DA:1045,0
DA:1046,0
DA:1047,0
DA:1049,0
DA:1050,0
DA:1053,0
DA:1054,0
DA:1060,0
DA:1061,0
DA:1064,0
DA:1066,0
DA:1067,0
DA:1069,0
DA:1070,0
DA:1073,0
DA:1074,0
DA:1079,1
DA:1080,0
DA:1081,0
DA:1082,0
DA:1083,0
DA:1085,0
DA:1086,0
DA:1087,0
DA:1088,0
DA:1089,0
DA:1091,0
DA:1095,0
DA:1099,0
DA:1103,0
DA:1107,0
DA:1111,0
DA:1115,0
DA:1119,0
DA:1123,0
DA:1127,0
DA:1131,0
DA:1135,0
DA:1139,0
DA:1143,0
DA:1146,0
DA:1148,0
DA:1149,0
DA:1150,0
DA:1152,0
DA:1154,0
DA:1157,0
DA:1158,0
DA:1159,0
DA:1160,0
DA:1165,1
LF:484
LH:126
BRDA:113,0,0,0
BRDA:113,0,1,0
BRDA:126,1,0,0
BRDA:126,1,1,0
BRDA:133,2,0,0
BRDA:133,2,1,0
BRDA:155,3,0,1
BRDA:155,3,1,1
BRDA:168,4,0,1
BRDA:168,4,1,0
BRDA:175,5,0,0
BRDA:175,5,1,1
BRDA:494,6,0,0
BRDA:494,6,1,0
BRDA:494,6,2,0
BRDA:893,7,0,1
BRDA:893,7,1,1
BRDA:973,8,0,1
BRDA:973,8,1,1
BRDA:991,9,0,0
BRDA:991,9,1,0
BRF:21
BRH:8
end_of_record
TN:
SF:/home/aspl/Desktop/Avyantra/Avyantra/src/app/dashboard/level/level.component.ts
FN:17,LevelComponent
FN:21,(anonymous_2)
FN:33,(anonymous_3)
FN:52,(anonymous_4)
FN:64,(anonymous_5)
FN:77,(anonymous_6)
FN:87,(anonymous_7)
FN:118,(anonymous_11)
FN:126,(anonymous_12)
FN:134,(anonymous_13)
FN:145,(anonymous_14)
FNF:11
FNH:2
FNDA:1,LevelComponent
FNDA:1,(anonymous_2)
FNDA:0,(anonymous_3)
FNDA:0,(anonymous_4)
FNDA:0,(anonymous_5)
FNDA:0,(anonymous_6)
FNDA:0,(anonymous_7)
FNDA:0,(anonymous_11)
FNDA:0,(anonymous_12)
FNDA:0,(anonymous_13)
FNDA:0,(anonymous_14)
DA:9,1
DA:10,1
DA:11,1
DA:12,1
DA:13,1
DA:14,1
DA:18,1
DA:19,1
DA:21,1
DA:22,1
DA:23,1
DA:33,1
DA:34,0
DA:37,0
DA:38,0
DA:40,0
DA:52,1
DA:53,0
DA:55,0
DA:64,1
DA:65,0
DA:67,0
DA:69,0
DA:77,1
DA:78,0
DA:80,0
DA:82,0
DA:87,1
DA:88,0
DA:90,0
DA:92,0
DA:100,1
DA:118,1
DA:119,0
DA:121,0
DA:122,0
DA:126,1
DA:127,0
DA:128,0
DA:130,0
DA:131,0
DA:134,1
DA:135,0
DA:136,0
DA:137,0
DA:138,0
DA:139,0
DA:140,0
DA:141,0
DA:142,0
DA:145,1
DA:146,0
DA:147,0
DA:149,1
LF:54
LH:22
BRDA:66,0,0,0
BRDA:66,0,1,0
BRDA:79,1,0,0
BRDA:79,1,1,0
BRDA:137,2,0,0
BRDA:137,2,1,0
BRDA:139,3,0,0
BRDA:139,3,1,0
BRDA:140,4,0,0
BRDA:140,4,1,0
BRF:10
BRH:0
end_of_record
TN:
SF:/home/aspl/Desktop/Avyantra/Avyantra/src/app/dashboard/maternal/maternal.component.ts
FN:30,MaternalComponent
FN:34,(anonymous_2)
FN:54,(anonymous_3)
FN:91,(anonymous_4)
FN:109,(anonymous_5)
FN:114,(anonymous_6)
FN:116,(anonymous_7)
FN:130,(anonymous_8)
FN:144,(anonymous_9)
FN:292,(anonymous_10)
FN:387,(anonymous_11)
FN:396,(anonymous_12)
FN:399,(anonymous_13)
FN:402,(anonymous_14)
FN:413,(anonymous_15)
FN:468,(anonymous_16)
FN:481,(anonymous_17)
FN:486,(anonymous_18)
FN:492,(anonymous_19)
FN:501,(anonymous_20)
FN:508,(anonymous_21)
FN:511,(anonymous_22)
FN:576,(anonymous_23)
FN:582,(anonymous_24)
FN:593,(anonymous_25)
FN:597,(anonymous_26)
FN:601,(anonymous_27)
FNF:27
FNH:7
FNDA:1,MaternalComponent
FNDA:1,(anonymous_2)
FNDA:1,(anonymous_3)
FNDA:0,(anonymous_4)
FNDA:0,(anonymous_5)
FNDA:0,(anonymous_6)
FNDA:0,(anonymous_7)
FNDA:0,(anonymous_8)
FNDA:0,(anonymous_9)
FNDA:0,(anonymous_10)
FNDA:0,(anonymous_11)
FNDA:0,(anonymous_12)
FNDA:0,(anonymous_13)
FNDA:0,(anonymous_14)
FNDA:1,(anonymous_15)
FNDA:1,(anonymous_16)
FNDA:0,(anonymous_17)
FNDA:0,(anonymous_18)
FNDA:1,(anonymous_19)
FNDA:1,(anonymous_20)
FNDA:0,(anonymous_21)
FNDA:0,(anonymous_22)
FNDA:0,(anonymous_23)
FNDA:0,(anonymous_24)
FNDA:0,(anonymous_25)
FNDA:0,(anonymous_26)
FNDA:0,(anonymous_27)
DA:19,1
DA:20,1
DA:21,1
DA:22,1
DA:23,1
DA:24,1
DA:25,1
DA:26,1
DA:28,1
DA:31,1
DA:32,1
DA:34,1
DA:35,1
DA:36,1
DA:37,1
DA:39,1
DA:40,1
DA:41,1
DA:43,1
DA:44,1
DA:45,1
DA:46,1
DA:48,1
DA:49,1
DA:51,1
DA:54,1
DA:55,1
DA:56,1
DA:57,1
DA:58,1
DA:59,1
DA:60,1
DA:61,1
DA:62,1
DA:63,1
DA:64,1
DA:91,1
DA:92,0
DA:93,0
DA:94,0
DA:95,0
DA:97,0
DA:99,0
DA:101,0
DA:103,0
DA:105,0
DA:109,1
DA:110,0
DA:111,0
DA:112,0
DA:114,1
DA:116,1
DA:117,0
DA:118,0
DA:120,0
DA:121,0
DA:122,0
DA:125,0
DA:126,0
DA:130,1
DA:131,0
DA:132,0
DA:134,0
DA:135,0
DA:136,0
DA:138,0
DA:139,0
DA:140,0
DA:144,1
DA:145,0
DA:147,0
DA:148,0
DA:150,0
DA:151,0
DA:155,0
DA:156,0
DA:158,0
DA:159,0
DA:163,0
DA:164,0
DA:166,0
DA:167,0
DA:171,0
DA:172,0
DA:174,0
DA:175,0
DA:179,0
DA:180,0
DA:182,0
DA:183,0
DA:187,0
DA:188,0
DA:190,0
DA:191,0
DA:195,0
DA:196,0
DA:198,0
DA:199,0
DA:202,0
DA:203,0
DA:204,0
DA:205,0
DA:207,0
DA:208,0
DA:209,0
DA:210,0
DA:214,0
DA:215,0
DA:216,0
DA:217,0
DA:220,0
DA:221,0
DA:222,0
DA:223,0
DA:227,0
DA:228,0
DA:229,0
DA:230,0
DA:232,0
DA:233,0
DA:234,0
DA:235,0
DA:239,0
DA:240,0
DA:241,0
DA:242,0
DA:244,0
DA:245,0
DA:246,0
DA:247,0
DA:250,0
DA:252,0
DA:292,1
DA:293,0
DA:294,0
DA:297,0
DA:298,0
DA:299,0
DA:300,0
DA:302,0
DA:303,0
DA:304,0
DA:310,0
DA:311,0
DA:312,0
DA:313,0
DA:315,0
DA:316,0
DA:317,0
DA:323,0
DA:324,0
DA:325,0
DA:326,0
DA:328,0
DA:329,0
DA:330,0
DA:336,0
DA:337,0
DA:338,0
DA:339,0
DA:341,0
DA:342,0
DA:343,0
DA:349,0
DA:350,0
DA:351,0
DA:352,0
DA:354,0
DA:355,0
DA:356,0
DA:362,0
DA:363,0
DA:364,0
DA:365,0
DA:367,0
DA:368,0
DA:369,0
DA:375,0
DA:376,0
DA:377,0
DA:378,0
DA:380,0
DA:381,0
DA:382,0
DA:387,1
DA:388,0
DA:389,0
DA:391,0
DA:392,0
DA:393,0
DA:394,0
DA:395,0
DA:396,0
DA:397,0
DA:398,0
DA:399,0
DA:402,1
DA:403,0
DA:404,0
DA:407,0
DA:410,0
DA:413,1
DA:414,1
DA:417,0
DA:418,0
DA:420,0
DA:421,0
DA:424,0
DA:425,0
DA:426,0
DA:427,0
DA:432,0
DA:434,0
DA:440,1
DA:441,1
DA:444,0
DA:447,0
DA:450,0
DA:453,0
DA:454,0
DA:458,1
DA:460,0
DA:461,0
DA:462,0
DA:468,1
DA:469,1
DA:474,0
DA:476,1
DA:478,0
DA:481,1
DA:482,0
DA:483,0
DA:484,0
DA:486,1
DA:487,0
DA:488,0
DA:489,0
DA:492,1
DA:493,1
DA:496,1
DA:497,1
DA:499,1
DA:500,1
DA:502,1
DA:503,1
DA:505,0
DA:508,0
DA:511,1
DA:512,0
DA:515,0
DA:516,0
DA:517,0
DA:518,0
DA:520,0
DA:521,0
DA:524,0
DA:525,0
DA:526,0
DA:527,0
DA:533,0
DA:534,0
DA:535,0
DA:536,0
DA:538,0
DA:541,0
DA:542,0
DA:543,0
DA:544,0
DA:549,0
DA:550,0
DA:551,0
DA:552,0
DA:555,0
DA:556,0
DA:557,0
DA:563,0
DA:564,0
DA:565,0
DA:566,0
DA:569,0
DA:570,0
DA:571,0
DA:576,1
DA:577,0
DA:578,0
DA:579,0
DA:581,0
DA:582,0
DA:584,0
DA:586,0
DA:587,0
DA:588,0
DA:593,1
DA:594,0
DA:595,0
DA:597,1
DA:598,0
DA:599,0
DA:601,1
DA:603,0
DA:606,0
DA:609,0
DA:612,0
DA:615,0
DA:618,0
DA:621,0
DA:624,0
DA:627,0
DA:630,0
DA:633,0
DA:636,0
DA:639,1
LF:312
LH:69
BRDA:38,0,0,1
BRDA:38,0,1,1
BRDA:47,1,0,1
BRDA:47,1,1,0
BRDA:102,2,0,0
BRDA:102,2,1,0
BRDA:124,3,0,0
BRDA:124,3,1,0
BRDA:249,4,0,0
BRDA:249,4,1,0
BRDA:294,5,0,0
BRDA:294,5,1,0
BRDA:294,5,2,0
BRDA:462,6,0,0
BRDA:462,6,1,0
BRDA:471,7,0,1
BRDA:471,7,1,1
BRDA:483,8,0,0
BRDA:483,8,1,0
BRDA:519,9,0,0
BRDA:519,9,1,0
BRDA:537,10,0,0
BRDA:537,10,1,0
BRF:23
BRH:5
end_of_record
TN:
SF:/home/aspl/Desktop/Avyantra/Avyantra/src/app/dashboard/search/search.component.ts
FN:37,SearchComponent
FN:45,(anonymous_2)
FN:49,(anonymous_3)
FN:52,(anonymous_4)
FN:58,(anonymous_5)
FN:93,(anonymous_9)
FN:96,(anonymous_10)
FN:105,(anonymous_11)
FN:108,(anonymous_12)
FN:112,(anonymous_13)
FN:117,(anonymous_14)
FN:128,(anonymous_15)
FN:165,(anonymous_16)
FN:177,(anonymous_17)
FN:193,(anonymous_18)
FN:206,(anonymous_19)
FN:215,(anonymous_20)
FN:222,(anonymous_21)
FNF:18
FNH:5
FNDA:1,SearchComponent
FNDA:1,(anonymous_2)
FNDA:1,(anonymous_3)
FNDA:1,(anonymous_4)
FNDA:1,(anonymous_5)
FNDA:0,(anonymous_9)
FNDA:0,(anonymous_10)
FNDA:0,(anonymous_11)
FNDA:0,(anonymous_12)
FNDA:0,(anonymous_13)
FNDA:0,(anonymous_14)
FNDA:0,(anonymous_15)
FNDA:0,(anonymous_16)
FNDA:0,(anonymous_17)
FNDA:0,(anonymous_18)
FNDA:0,(anonymous_19)
FNDA:0,(anonymous_20)
FNDA:0,(anonymous_21)
DA:20,1
DA:22,1
DA:23,1
DA:24,1
DA:25,1
DA:26,1
DA:28,1
DA:29,1
DA:30,1
DA:31,1
DA:34,1
DA:36,1
DA:38,1
DA:39,1
DA:40,1
DA:41,1
DA:42,1
DA:45,1
DA:46,1
DA:47,1
DA:48,1
DA:49,1
DA:50,1
DA:52,1
DA:54,0
DA:58,1
DA:59,1
DA:69,1
DA:70,0
DA:71,0
DA:73,0
DA:76,0
DA:77,0
DA:78,0
DA:91,0
DA:92,0
DA:94,0
DA:97,0
DA:101,0
DA:102,0
DA:105,1
DA:106,0
DA:108,1
DA:109,0
DA:112,1
DA:113,0
DA:114,0
DA:118,0
DA:128,1
DA:129,0
DA:131,0
DA:133,0
DA:134,0
DA:135,0
DA:137,0
DA:138,0
DA:142,0
DA:146,0
DA:147,0
DA:151,0
DA:152,0
DA:165,1
DA:166,0
DA:168,0
DA:177,1
DA:178,0
DA:183,0
DA:185,0
DA:193,1
DA:194,0
DA:199,0
DA:201,0
DA:206,1
DA:207,0
DA:209,0
DA:211,0
DA:215,1
DA:216,0
DA:222,1
DA:223,0
DA:224,0
DA:225,0
DA:226,0
DA:227,0
DA:228,0
DA:229,0
DA:230,0
DA:231,0
DA:232,0
DA:233,0
DA:234,0
DA:238,0
DA:240,0
DA:243,0
DA:245,0
DA:247,0
DA:248,0
DA:250,1
LF:98
LH:38
BRDA:76,0,0,0
BRDA:76,0,1,0
BRDA:180,1,0,0
BRDA:180,1,1,0
BRDA:196,2,0,0
BRDA:196,2,1,0
BRF:6
BRH:0
end_of_record
TN:
SF:/home/aspl/Desktop/Avyantra/Avyantra/src/app/dashboard/user-info/user-info.component.ts
FN:14,UserInfoComponent
FN:17,(anonymous_2)
FN:19,(anonymous_3)
FN:25,(anonymous_4)
FN:31,(anonymous_5)
FNF:5
FNH:2
FNDA:1,UserInfoComponent
FNDA:1,(anonymous_2)
FNDA:0,(anonymous_3)
FNDA:0,(anonymous_4)
FNDA:0,(anonymous_5)
DA:11,1
DA:12,1
DA:14,1
DA:15,1
DA:17,1
DA:18,1
DA:19,1
DA:20,0
DA:25,1
DA:28,0
DA:31,1
DA:32,0
DA:33,0
DA:35,1
LF:14
LH:10
BRF:0
BRH:0
end_of_record
TN:
SF:/home/aspl/Desktop/Avyantra/Avyantra/src/app/forget/forget.component.ts
FN:21,ForgetComponent
FN:32,(anonymous_2)
FN:44,(anonymous_3)
FN:49,(anonymous_4)
FN:60,(anonymous_5)
FN:71,(anonymous_6)
FN:81,(anonymous_7)
FN:87,(anonymous_8)
FN:99,(anonymous_9)
FN:104,(anonymous_10)
FN:110,(anonymous_11)
FNF:11
FNH:4
FNDA:6,ForgetComponent
FNDA:6,(anonymous_2)
FNDA:6,(anonymous_3)
FNDA:6,(anonymous_4)
FNDA:0,(anonymous_5)
FNDA:0,(anonymous_6)
FNDA:0,(anonymous_7)
FNDA:0,(anonymous_8)
FNDA:0,(anonymous_9)
FNDA:0,(anonymous_10)
FNDA:0,(anonymous_11)
DA:13,1
DA:16,6
DA:17,6
DA:18,6
DA:19,6
DA:22,6
DA:23,6
DA:24,6
DA:25,6
DA:26,6
DA:32,1
DA:33,6
DA:34,6
DA:35,6
DA:36,6
DA:37,6
DA:44,1
DA:45,6
DA:49,1
DA:50,6
DA:60,1
DA:61,0
DA:63,0
DA:66,0
DA:67,0
DA:70,0
DA:73,0
DA:76,0
DA:77,0
DA:82,0
DA:87,1
DA:88,0
DA:90,0
DA:93,0
DA:94,0
DA:95,0
DA:98,0
DA:100,0
DA:101,0
DA:102,0
DA:105,0
DA:110,1
DA:112,0
DA:118,0
DA:120,0
DA:122,1
LF:46
LH:24
BRDA:114,0,0,0
BRDA:114,0,1,0
BRDA:114,0,2,0
BRF:3
BRH:0
end_of_record
TN:
SF:/home/aspl/Desktop/Avyantra/Avyantra/src/app/hospital-branch/hospital-branch.component.ts
FN:27,HospitalBranchComponent
FN:29,(anonymous_2)
FN:36,(anonymous_3)
FN:55,(anonymous_4)
FN:62,(anonymous_5)
FN:63,(anonymous_6)
FN:76,(anonymous_7)
FN:83,(anonymous_8)
FN:84,(anonymous_9)
FN:95,(anonymous_10)
FN:100,(anonymous_11)
FN:104,(anonymous_12)
FNF:12
FNH:7
FNDA:1,HospitalBranchComponent
FNDA:1,(anonymous_2)
FNDA:1,(anonymous_3)
FNDA:0,(anonymous_4)
FNDA:0,(anonymous_5)
FNDA:0,(anonymous_6)
FNDA:0,(anonymous_7)
FNDA:1,(anonymous_8)
FNDA:1,(anonymous_9)
FNDA:1,(anonymous_10)
FNDA:0,(anonymous_11)
FNDA:1,(anonymous_12)
DA:14,1
DA:17,1
DA:18,1
DA:21,1
DA:22,1
DA:25,1
DA:26,1
DA:27,1
DA:29,1
DA:30,1
DA:31,1
DA:32,1
DA:33,1
DA:36,1
DA:37,1
DA:38,1
DA:39,1
DA:55,1
DA:57,0
DA:59,0
DA:62,1
DA:63,0
DA:65,0
DA:66,0
DA:67,0
DA:68,0
DA:71,0
DA:76,1
DA:77,0
DA:78,0
DA:79,0
DA:80,0
DA:83,1
DA:84,1
DA:86,1
DA:89,0
DA:90,0
DA:95,1
DA:96,1
DA:97,1
DA:100,1
DA:101,0
DA:104,1
DA:106,0
DA:109,1
DA:113,1
LF:46
LH:30
BRF:0
BRH:0
end_of_record
TN:
SF:/home/aspl/Desktop/Avyantra/Avyantra/src/app/hospital-connect/hospital-connect.component.ts
FN:20,HospitalConnectComponent
FN:22,(anonymous_2)
FN:28,(anonymous_3)
FN:32,(anonymous_4)
FN:33,(anonymous_5)
FN:40,(anonymous_6)
FN:41,(anonymous_7)
FN:50,(anonymous_8)
FN:61,(anonymous_9)
FN:66,(anonymous_10)
FN:70,(anonymous_11)
FN:71,(anonymous_12)
FNF:12
FNH:8
FNDA:1,HospitalConnectComponent
FNDA:1,(anonymous_2)
FNDA:1,(anonymous_3)
FNDA:1,(anonymous_4)
FNDA:1,(anonymous_5)
FNDA:1,(anonymous_6)
FNDA:1,(anonymous_7)
FNDA:2,(anonymous_8)
FNDA:0,(anonymous_9)
FNDA:0,(anonymous_10)
FNDA:0,(anonymous_11)
FNDA:0,(anonymous_12)
DA:13,1
DA:14,1
DA:15,1
DA:16,1
DA:20,1
DA:22,1
DA:23,1
DA:24,1
DA:25,1
DA:28,1
DA:29,1
DA:30,1
DA:32,1
DA:33,1
DA:35,1
DA:40,1
DA:41,1
DA:43,1
DA:44,1
DA:45,1
DA:50,1
DA:52,1
DA:55,1
DA:58,0
DA:61,1
DA:62,0
DA:63,0
DA:64,0
DA:66,1
DA:67,0
DA:70,1
DA:71,0
DA:73,0
DA:74,0
DA:79,1
LF:35
LH:27
BRF:0
BRH:0
end_of_record
TN:
SF:/home/aspl/Desktop/Avyantra/Avyantra/src/app/hospital-staff/hospital-staff.component.ts
FN:22,HospitalStaffComponent
FN:40,(anonymous_2)
FN:50,(anonymous_3)
FN:65,(anonymous_4)
FN:74,(anonymous_5)
FN:85,(anonymous_6)
FN:89,(anonymous_7)
FN:92,(anonymous_8)
FN:98,(anonymous_9)
FN:103,(anonymous_10)
FN:114,(anonymous_11)
FN:119,(anonymous_12)
FN:120,(anonymous_13)
FN:126,(anonymous_14)
FN:127,(anonymous_15)
FN:133,(anonymous_16)
FN:134,(anonymous_17)
FN:140,(anonymous_18)
FN:154,(anonymous_19)
FN:155,(anonymous_20)
FN:165,(anonymous_21)
FN:168,(anonymous_22)
FN:173,(anonymous_23)
FN:174,(anonymous_24)
FN:184,(anonymous_25)
FN:203,(anonymous_26)
FN:208,(anonymous_27)
FN:220,(anonymous_28)
FN:224,(anonymous_29)
FN:227,(anonymous_30)
FN:236,(anonymous_31)
FNF:31
FNH:16
FNDA:7,HospitalStaffComponent
FNDA:7,(anonymous_2)
FNDA:7,(anonymous_3)
FNDA:7,(anonymous_4)
FNDA:0,(anonymous_5)
FNDA:0,(anonymous_6)
FNDA:0,(anonymous_7)
FNDA:0,(anonymous_8)
FNDA:0,(anonymous_9)
FNDA:0,(anonymous_10)
FNDA:7,(anonymous_11)
FNDA:7,(anonymous_12)
FNDA:7,(anonymous_13)
FNDA:7,(anonymous_14)
FNDA:7,(anonymous_15)
FNDA:7,(anonymous_16)
FNDA:7,(anonymous_17)
FNDA:14,(anonymous_18)
FNDA:7,(anonymous_19)
FNDA:7,(anonymous_20)
FNDA:0,(anonymous_21)
FNDA:0,(anonymous_22)
FNDA:7,(anonymous_23)
FNDA:7,(anonymous_24)
FNDA:0,(anonymous_25)
FNDA:0,(anonymous_26)
FNDA:0,(anonymous_27)
FNDA:0,(anonymous_28)
FNDA:0,(anonymous_29)
FNDA:0,(anonymous_30)
FNDA:0,(anonymous_31)
DA:15,1
DA:19,7
DA:20,7
DA:21,7
DA:22,7
DA:23,7
DA:24,7
DA:25,7
DA:26,7
DA:29,7
DA:30,7
DA:31,7
DA:33,7
DA:35,7
DA:36,7
DA:38,7
DA:39,7
DA:40,1
DA:41,7
DA:42,7
DA:43,7
DA:44,7
DA:45,7
DA:46,7
DA:47,7
DA:48,7
DA:50,1
DA:51,7
DA:65,1
DA:66,7
DA:74,1
DA:76,0
DA:77,0
DA:78,0
DA:80,0
DA:81,0
DA:82,0
DA:85,1
DA:86,0
DA:87,0
DA:89,1
DA:90,0
DA:92,1
DA:93,0
DA:94,0
DA:95,0
DA:96,0
DA:98,1
DA:100,0
DA:102,0
DA:103,0
DA:105,0
DA:106,0
DA:107,0
DA:108,0
DA:110,0
DA:114,1
DA:115,7
DA:116,7
DA:117,7
DA:119,7
DA:120,7
DA:122,7
DA:126,7
DA:127,7
DA:129,7
DA:133,7
DA:134,7
DA:136,7
DA:140,1
DA:142,0
DA:145,7
DA:148,7
DA:151,0
DA:154,7
DA:155,7
DA:157,7
DA:160,0
DA:161,0
DA:165,1
DA:166,0
DA:168,1
DA:169,0
DA:170,0
DA:171,0
DA:173,7
DA:174,7
DA:176,7
DA:177,7
DA:179,0
DA:180,0
DA:184,1
DA:185,0
DA:186,0
DA:187,0
DA:188,0
DA:189,0
DA:203,1
DA:205,0
DA:207,0
DA:208,0
DA:210,0
DA:211,0
DA:212,0
DA:213,0
DA:214,0
DA:215,0
DA:217,0
DA:220,1
DA:221,0
DA:222,0
DA:223,0
DA:224,0
DA:225,0
DA:227,1
DA:228,0
DA:229,0
DA:230,0
DA:231,0
DA:232,0
DA:233,0
DA:234,0
DA:236,1
DA:237,0
DA:239,0
DA:242,0
DA:245,1
LF:127
LH:66
BRF:0
BRH:0
end_of_record
TN:
SF:/home/aspl/Desktop/Avyantra/Avyantra/src/app/login/login.component.ts
FN:24,LoginComponent
FN:35,(anonymous_2)
FN:57,(anonymous_6)
FN:60,(anonymous_7)
FN:66,(anonymous_8)
FN:88,(anonymous_9)
FN:95,(anonymous_10)
FN:100,(anonymous_11)
FN:105,(anonymous_12)
FN:110,(anonymous_13)
FN:122,(anonymous_14)
FNF:11
FNH:5
FNDA:6,LoginComponent
FNDA:6,(anonymous_2)
FNDA:0,(anonymous_6)
FNDA:0,(anonymous_7)
FNDA:0,(anonymous_8)
FNDA:0,(anonymous_9)
FNDA:1,(anonymous_10)
FNDA:1,(anonymous_11)
FNDA:0,(anonymous_12)
FNDA:0,(anonymous_13)
FNDA:2,(anonymous_14)
DA:17,1
DA:19,6
DA:20,6
DA:21,6
DA:22,6
DA:23,6
DA:25,6
DA:26,6
DA:27,6
DA:28,6
DA:29,6
DA:30,6
DA:31,6
DA:35,1
DA:36,6
DA:37,6
DA:43,0
DA:49,1
DA:50,0
DA:52,0
DA:54,0
DA:55,0
DA:56,0
DA:58,0
DA:61,0
DA:66,1
DA:67,0
DA:69,0
DA:74,0
DA:75,0
DA:77,0
DA:79,0
DA:80,0
DA:81,0
DA:83,0
DA:84,0
DA:88,1
DA:90,0
DA:92,0
DA:95,1
DA:96,1
DA:97,1
DA:100,1
DA:101,1
DA:102,1
DA:105,1
DA:106,0
DA:107,0
DA:110,1
DA:112,0
DA:115,0
DA:118,0
DA:122,1
DA:124,1
DA:125,1
DA:126,1
DA:128,1
DA:129,1
DA:130,1
DA:133,1
LF:60
LH:35
BRDA:73,0,0,0
BRDA:73,0,1,0
BRDA:89,1,0,0
BRDA:89,1,1,0
BRDA:111,2,0,0
BRDA:111,2,1,0
BRF:6
BRH:0
end_of_record
TN:
SF:/home/aspl/Desktop/Avyantra/Avyantra/src/app/medical-records/medical-records.component.ts
FN:36,MedicalRecordsComponent
FN:40,(anonymous_2)
FN:48,(anonymous_3)
FN:67,(anonymous_4)
FN:88,(anonymous_5)
FN:100,(anonymous_6)
FN:105,(anonymous_7)
FN:111,(anonymous_8)
FN:115,(anonymous_9)
FN:126,(anonymous_10)
FN:131,(anonymous_11)
FN:146,(anonymous_12)
FN:161,(anonymous_13)
FN:166,(anonymous_14)
FN:170,(anonymous_15)
FN:171,(anonymous_16)
FN:181,(anonymous_17)
FN:187,(anonymous_18)
FN:191,(anonymous_19)
FN:192,(anonymous_20)
FN:202,(anonymous_21)
FN:203,(anonymous_22)
FN:209,(anonymous_23)
FNF:23
FNH:11
FNDA:5,MedicalRecordsComponent
FNDA:5,(anonymous_2)
FNDA:5,(anonymous_3)
FNDA:0,(anonymous_4)
FNDA:0,(anonymous_5)
FNDA:0,(anonymous_6)
FNDA:5,(anonymous_7)
FNDA:0,(anonymous_8)
FNDA:0,(anonymous_9)
FNDA:0,(anonymous_10)
FNDA:0,(anonymous_11)
FNDA:10,(anonymous_12)
FNDA:0,(anonymous_13)
FNDA:0,(anonymous_14)
FNDA:5,(anonymous_15)
FNDA:5,(anonymous_16)
FNDA:0,(anonymous_17)
FNDA:0,(anonymous_18)
FNDA:5,(anonymous_19)
FNDA:5,(anonymous_20)
FNDA:5,(anonymous_21)
FNDA:5,(anonymous_22)
FNDA:0,(anonymous_23)
DA:15,1
DA:19,5
DA:20,5
DA:26,5
DA:27,5
DA:28,5
DA:29,5
DA:31,5
DA:33,5
DA:34,5
DA:35,5
DA:36,5
DA:37,5
DA:38,5
DA:40,1
DA:41,5
DA:42,5
DA:43,5
DA:44,5
DA:45,5
DA:48,1
DA:49,5
DA:67,1
DA:68,0
DA:69,0
DA:70,0
DA:88,1
DA:90,0
DA:91,0
DA:94,0
DA:95,0
DA:96,0
DA:100,1
DA:101,0
DA:102,0
DA:105,1
DA:106,5
DA:107,5
DA:108,5
DA:111,1
DA:113,0
DA:115,0
DA:117,0
DA:118,0
DA:119,0
DA:121,0
DA:126,1
DA:128,0
DA:131,0
DA:133,0
DA:134,0
DA:135,0
DA:136,0
DA:137,0
DA:138,0
DA:141,0
DA:146,1
DA:148,0
DA:151,5
DA:154,5
DA:157,0
DA:161,1
DA:162,0
DA:163,0
DA:166,1
DA:167,0
DA:170,5
DA:171,5
DA:173,5
DA:175,0
DA:176,0
DA:181,1
DA:182,0
DA:183,0
DA:184,0
DA:187,1
DA:188,0
DA:191,5
DA:192,5
DA:194,5
DA:195,5
DA:197,0
DA:198,0
DA:202,5
DA:203,5
DA:205,5
DA:209,1
DA:210,0
DA:211,0
DA:212,0
DA:215,1
LF:91
LH:50
BRF:0
BRH:0
end_of_record
TN:
SF:/home/aspl/Desktop/Avyantra/Avyantra/src/app/my-profile/my-profile.component.ts
FN:25,MyProfileComponent
FN:30,(anonymous_2)
FN:36,(anonymous_3)
FN:54,(anonymous_4)
FN:71,(anonymous_5)
FN:77,(anonymous_6)
FN:78,(anonymous_7)
FN:88,(anonymous_8)
FN:92,(anonymous_9)
FN:105,(anonymous_10)
FN:109,(anonymous_11)
FN:118,(anonymous_12)
FNF:12
FNH:7
FNDA:6,MyProfileComponent
FNDA:6,(anonymous_2)
FNDA:6,(anonymous_3)
FNDA:0,(anonymous_4)
FNDA:6,(anonymous_5)
FNDA:6,(anonymous_6)
FNDA:6,(anonymous_7)
FNDA:0,(anonymous_8)
FNDA:0,(anonymous_9)
FNDA:0,(anonymous_10)
FNDA:6,(anonymous_11)
FNDA:0,(anonymous_12)
DA:14,1
DA:18,6
DA:19,6
DA:20,6
DA:21,6
DA:22,6
DA:23,6
DA:25,6
DA:26,6
DA:27,6
DA:28,6
DA:29,6
DA:30,1
DA:31,6
DA:32,6
DA:33,6
DA:36,1
DA:37,6
DA:54,1
DA:55,0
DA:56,0
DA:71,1
DA:72,6
DA:73,6
DA:77,6
DA:78,6
DA:80,6
DA:83,0
DA:88,1
DA:90,0
DA:92,0
DA:94,0
DA:95,0
DA:96,0
DA:99,0
DA:105,1
DA:106,0
DA:109,1
DA:111,6
DA:114,0
DA:118,1
DA:120,0
DA:121,0
DA:122,0
DA:124,0
DA:125,0
DA:126,0
DA:130,1
LF:48
LH:31
BRF:0
BRH:0
end_of_record
TN:
SF:/home/aspl/Desktop/Avyantra/Avyantra/src/app/profile/branch-admin-profile/branch-admin-profile.component.ts
FN:24,BranchAdminProfileComponent
FN:26,(anonymous_2)
FN:32,(anonymous_3)
FN:49,(anonymous_4)
FN:55,(anonymous_5)
FN:56,(anonymous_6)
FN:63,(anonymous_7)
FN:65,(anonymous_8)
FN:75,(anonymous_9)
FN:84,(anonymous_10)
FN:100,(anonymous_11)
FN:104,(anonymous_12)
FNF:12
FNH:9
FNDA:8,BranchAdminProfileComponent
FNDA:8,(anonymous_2)
FNDA:8,(anonymous_3)
FNDA:8,(anonymous_4)
FNDA:8,(anonymous_5)
FNDA:8,(anonymous_6)
FNDA:0,(anonymous_7)
FNDA:0,(anonymous_8)
FNDA:8,(anonymous_9)
FNDA:0,(anonymous_10)
FNDA:1,(anonymous_11)
FNDA:1,(anonymous_12)
DA:12,1
DA:15,8
DA:16,8
DA:18,8
DA:19,8
DA:20,8
DA:21,8
DA:22,8
DA:23,8
DA:24,8
DA:26,1
DA:27,8
DA:28,8
DA:29,8
DA:32,1
DA:33,8
DA:49,1
DA:50,8
DA:51,8
DA:52,8
DA:55,8
DA:56,8
DA:58,8
DA:63,1
DA:65,0
DA:67,0
DA:68,0
DA:69,0
DA:75,1
DA:77,8
DA:80,0
DA:84,1
DA:85,0
DA:86,0
DA:100,1
DA:101,1
DA:104,1
DA:106,0
DA:107,0
DA:108,0
DA:110,1
DA:111,1
DA:112,1
DA:115,1
LF:44
LH:34
BRF:0
BRH:0
end_of_record
TN:
SF:/home/aspl/Desktop/Avyantra/Avyantra/src/app/profile/referral-profile/referral-profile.component.ts
FN:30,ReferralProfileComponent
FN:34,(anonymous_2)
FN:40,(anonymous_3)
FN:55,(anonymous_4)
FN:73,(anonymous_5)
FN:80,(anonymous_6)
FN:81,(anonymous_7)
FN:90,(anonymous_8)
FN:94,(anonymous_9)
FN:106,(anonymous_10)
FN:110,(anonymous_11)
FN:119,(anonymous_12)
FN:132,(anonymous_13)
FNF:13
FNH:9
FNDA:12,ReferralProfileComponent
FNDA:12,(anonymous_2)
FNDA:12,(anonymous_3)
FNDA:1,(anonymous_4)
FNDA:12,(anonymous_5)
FNDA:12,(anonymous_6)
FNDA:12,(anonymous_7)
FNDA:0,(anonymous_8)
FNDA:0,(anonymous_9)
FNDA:1,(anonymous_10)
FNDA:12,(anonymous_11)
FNDA:0,(anonymous_12)
FNDA:0,(anonymous_13)
DA:14,1
DA:18,12
DA:19,12
DA:20,12
DA:21,12
DA:23,12
DA:24,12
DA:26,12
DA:27,12
DA:28,12
DA:30,12
DA:31,12
DA:32,12
DA:34,1
DA:35,12
DA:36,12
DA:37,12
DA:40,1
DA:41,12
DA:55,1
DA:56,1
DA:57,1
DA:73,1
DA:74,12
DA:75,12
DA:76,12
DA:80,12
DA:81,12
DA:83,12
DA:85,0
DA:90,1
DA:92,0
DA:94,0
DA:96,0
DA:97,0
DA:98,0
DA:100,0
DA:106,1
DA:107,1
DA:110,1
DA:112,12
DA:115,0
DA:119,1
DA:121,0
DA:122,0
DA:123,0
DA:125,0
DA:126,0
DA:127,0
DA:132,1
DA:134,0
DA:136,0
DA:139,1
LF:53
LH:37
BRF:0
BRH:0
end_of_record
TN:
SF:/home/aspl/Desktop/Avyantra/Avyantra/src/app/profile/staff-profile/staff-profile.component.ts
FN:28,StaffProfileComponent
FN:35,(anonymous_2)
FN:41,(anonymous_3)
FN:59,(anonymous_4)
FN:78,(anonymous_5)
FN:85,(anonymous_6)
FN:86,(anonymous_7)
FN:95,(anonymous_8)
FN:100,(anonymous_9)
FN:112,(anonymous_10)
FN:116,(anonymous_11)
FN:125,(anonymous_12)
FNF:12
FNH:5
FNDA:1,StaffProfileComponent
FNDA:1,(anonymous_2)
FNDA:1,(anonymous_3)
FNDA:0,(anonymous_4)
FNDA:1,(anonymous_5)
FNDA:1,(anonymous_6)
FNDA:0,(anonymous_7)
FNDA:0,(anonymous_8)
FNDA:0,(anonymous_9)
FNDA:0,(anonymous_10)
FNDA:0,(anonymous_11)
FNDA:0,(anonymous_12)
DA:14,1
DA:19,1
DA:20,1
DA:21,1
DA:22,1
DA:23,1
DA:24,1
DA:25,1
DA:26,1
DA:28,1
DA:29,1
DA:30,1
DA:32,1
DA:33,1
DA:35,1
DA:36,1
DA:37,1
DA:38,1
DA:41,1
DA:42,1
DA:59,1
DA:60,0
DA:61,0
DA:78,1
DA:79,1
DA:80,1
DA:81,1
DA:82,1
DA:85,1
DA:86,1
DA:88,0
DA:90,0
DA:95,1
DA:96,0
DA:98,0
DA:100,0
DA:102,0
DA:103,0
DA:104,0
DA:106,0
DA:112,1
DA:113,0
DA:116,1
DA:118,0
DA:121,0
DA:125,1
DA:127,0
DA:128,0
DA:129,0
DA:131,0
DA:132,0
DA:133,0
DA:137,1
LF:53
LH:33
BRF:0
BRH:0
end_of_record
TN:
SF:/home/aspl/Desktop/Avyantra/Avyantra/src/app/referral-doctor-staff/referral-doctor-staff.component.ts
FN:33,ReferralDoctorStaffComponent
FN:35,(anonymous_2)
FN:43,(anonymous_3)
FN:57,(anonymous_4)
FN:62,(anonymous_5)
FN:67,(anonymous_6)
FN:71,(anonymous_7)
FN:75,(anonymous_8)
FN:81,(anonymous_9)
FN:82,(anonymous_10)
FN:89,(anonymous_11)
FN:93,(anonymous_12)
FN:104,(anonymous_13)
FN:105,(anonymous_14)
FN:115,(anonymous_15)
FN:121,(anonymous_16)
FN:125,(anonymous_17)
FN:126,(anonymous_18)
FN:137,(anonymous_19)
FN:149,(anonymous_20)
FNF:20
FNH:11
FNDA:12,ReferralDoctorStaffComponent
FNDA:12,(anonymous_2)
FNDA:12,(anonymous_3)
FNDA:0,(anonymous_4)
FNDA:0,(anonymous_5)
FNDA:0,(anonymous_6)
FNDA:0,(anonymous_7)
FNDA:12,(anonymous_8)
FNDA:12,(anonymous_9)
FNDA:12,(anonymous_10)
FNDA:0,(anonymous_11)
FNDA:0,(anonymous_12)
FNDA:12,(anonymous_13)
FNDA:12,(anonymous_14)
FNDA:0,(anonymous_15)
FNDA:0,(anonymous_16)
FNDA:12,(anonymous_17)
FNDA:12,(anonymous_18)
FNDA:24,(anonymous_19)
FNDA:0,(anonymous_20)
DA:16,1
DA:20,12
DA:23,12
DA:24,12
DA:25,12
DA:26,12
DA:30,12
DA:31,12
DA:33,12
DA:35,1
DA:36,12
DA:37,12
DA:38,12
DA:39,12
DA:40,12
DA:43,1
DA:44,12
DA:57,1
DA:58,0
DA:59,0
DA:62,1
DA:63,0
DA:64,0
DA:67,1
DA:68,0
DA:71,1
DA:72,0
DA:75,1
DA:76,12
DA:77,12
DA:78,12
DA:81,12
DA:82,12
DA:84,12
DA:89,1
DA:91,0
DA:93,0
DA:95,0
DA:96,0
DA:97,0
DA:99,0
DA:104,12
DA:105,12
DA:107,12
DA:109,0
DA:110,0
DA:115,1
DA:116,0
DA:117,0
DA:118,0
DA:121,1
DA:122,0
DA:125,12
DA:126,12
DA:128,12
DA:129,12
DA:131,0
DA:132,0
DA:137,1
DA:139,0
DA:142,12
DA:145,12
DA:149,1
DA:150,0
DA:152,0
DA:155,0
DA:159,1
LF:67
LH:43
BRF:0
BRH:0
end_of_record
TN:
SF:/home/aspl/Desktop/Avyantra/Avyantra/src/app/referral-signup/referral-signup.component.ts
FN:18,ReferralSignupComponent
FN:26,(anonymous_2)
FN:31,(anonymous_3)
FN:53,(anonymous_7)
FN:56,(anonymous_8)
FN:61,(anonymous_9)
FN:68,(anonymous_10)
FNF:7
FNH:5
FNDA:13,ReferralSignupComponent
FNDA:13,(anonymous_2)
FNDA:13,(anonymous_3)
FNDA:0,(anonymous_7)
FNDA:0,(anonymous_8)
FNDA:1,(anonymous_9)
FNDA:1,(anonymous_10)
DA:12,1
DA:14,13
DA:15,13
DA:16,13
DA:19,13
DA:20,13
DA:21,13
DA:22,13
DA:23,13
DA:26,1
DA:27,13
DA:28,13
DA:31,1
DA:32,13
DA:46,1
DA:47,0
DA:49,0
DA:51,0
DA:52,0
DA:54,0
DA:57,0
DA:61,1
DA:63,1
DA:64,1
DA:68,1
DA:69,1
DA:70,1
DA:73,1
LF:28
LH:22
BRF:0
BRH:0
end_of_record
TN:
SF:/home/aspl/Desktop/Avyantra/Avyantra/src/app/settings/settings.component.ts
FN:20,SettingsComponent
FN:22,(anonymous_2)
FN:33,(anonymous_3)
FN:35,(anonymous_4)
FN:45,(anonymous_5)
FN:46,(anonymous_6)
FN:55,(anonymous_7)
FN:56,(anonymous_8)
FN:66,(anonymous_9)
FN:68,(anonymous_10)
FN:77,(anonymous_11)
FN:78,(anonymous_12)
FN:87,(anonymous_13)
FN:88,(anonymous_14)
FN:98,(anonymous_15)
FN:101,(anonymous_16)
FN:110,(anonymous_17)
FN:118,(anonymous_18)
FN:122,(anonymous_19)
FN:123,(anonymous_20)
FN:131,(anonymous_21)
FN:132,(anonymous_22)
FN:141,(anonymous_23)
FN:145,(anonymous_24)
FN:150,(anonymous_25)
FN:151,(anonymous_26)
FN:161,(anonymous_27)
FN:166,(anonymous_28)
FN:167,(anonymous_29)
FN:176,(anonymous_30)
FN:179,(anonymous_31)
FN:194,(anonymous_32)
FN:215,(anonymous_33)
FN:226,(anonymous_34)
FN:230,(anonymous_35)
FN:234,(anonymous_36)
FN:238,(anonymous_37)
FN:242,(anonymous_38)
FN:245,(anonymous_39)
FN:249,(anonymous_40)
FN:251,(anonymous_41)
FN:260,(anonymous_42)
FN:263,(anonymous_43)
FN:272,(anonymous_44)
FN:276,(anonymous_45)
FNF:45
FNH:14
FNDA:1,SettingsComponent
FNDA:1,(anonymous_2)
FNDA:0,(anonymous_3)
FNDA:0,(anonymous_4)
FNDA:1,(anonymous_5)
FNDA:1,(anonymous_6)
FNDA:0,(anonymous_7)
FNDA:0,(anonymous_8)
FNDA:0,(anonymous_9)
FNDA:0,(anonymous_10)
FNDA:1,(anonymous_11)
FNDA:1,(anonymous_12)
FNDA:0,(anonymous_13)
FNDA:0,(anonymous_14)
FNDA:0,(anonymous_15)
FNDA:0,(anonymous_16)
FNDA:0,(anonymous_17)
FNDA:0,(anonymous_18)
FNDA:0,(anonymous_19)
FNDA:0,(anonymous_20)
FNDA:1,(anonymous_21)
FNDA:1,(anonymous_22)
FNDA:0,(anonymous_23)
FNDA:0,(anonymous_24)
FNDA:1,(anonymous_25)
FNDA:1,(anonymous_26)
FNDA:1,(anonymous_27)
FNDA:1,(anonymous_28)
FNDA:1,(anonymous_29)
FNDA:0,(anonymous_30)
FNDA:0,(anonymous_31)
FNDA:4,(anonymous_32)
FNDA:0,(anonymous_33)
FNDA:0,(anonymous_34)
FNDA:0,(anonymous_35)
FNDA:0,(anonymous_36)
FNDA:0,(anonymous_37)
FNDA:0,(anonymous_38)
FNDA:0,(anonymous_39)
FNDA:0,(anonymous_40)
FNDA:0,(anonymous_41)
FNDA:0,(anonymous_42)
FNDA:0,(anonymous_43)
FNDA:0,(anonymous_44)
FNDA:0,(anonymous_45)
DA:13,1
DA:14,1
DA:15,1
DA:16,1
DA:17,1
DA:18,1
DA:19,1
DA:20,1
DA:22,1
DA:23,1
DA:24,1
DA:25,1
DA:26,1
DA:27,1
DA:28,1
DA:29,1
DA:30,1
DA:31,1
DA:33,1
DA:35,0
DA:37,0
DA:38,0
DA:39,0
DA:41,0
DA:43,0
DA:45,1
DA:46,1
DA:48,1
DA:50,0
DA:51,0
DA:55,1
DA:56,0
DA:58,0
DA:59,0
DA:60,0
DA:62,0
DA:66,1
DA:68,0
DA:70,0
DA:71,0
DA:72,0
DA:73,0
DA:74,0
DA:77,1
DA:78,1
DA:80,1
DA:82,0
DA:83,0
DA:87,1
DA:88,0
DA:90,0
DA:91,0
DA:92,0
DA:94,0
DA:98,1
DA:101,0
DA:104,0
DA:105,0
DA:106,0
DA:107,0
DA:110,1
DA:112,0
DA:114,0
DA:118,1
DA:119,0
DA:120,0
DA:122,1
DA:123,0
DA:125,0
DA:127,0
DA:131,1
DA:132,1
DA:134,1
DA:136,0
DA:137,0
DA:141,1
DA:142,0
DA:143,0
DA:145,1
DA:146,0
DA:147,0
DA:148,0
DA:150,1
DA:151,1
DA:153,1
DA:154,1
DA:156,0
DA:157,0
DA:161,1
DA:162,1
DA:163,1
DA:164,1
DA:166,1
DA:167,1
DA:169,1
DA:172,0
DA:176,1
DA:177,0
DA:179,1
DA:180,0
DA:182,0
DA:183,0
DA:186,0
DA:187,0
DA:190,0
DA:191,0
DA:194,1
DA:195,0
DA:196,1
DA:198,0
DA:199,0
DA:201,0
DA:202,1
DA:204,0
DA:205,0
DA:207,0
DA:208,0
DA:209,1
DA:210,1
DA:212,0
DA:213,0
DA:215,1
DA:217,0
DA:220,0
DA:222,0
DA:223,0
DA:224,0
DA:226,1
DA:227,0
DA:230,1
DA:231,0
DA:234,1
DA:235,0
DA:238,1
DA:239,0
DA:242,1
DA:243,0
DA:245,1
DA:246,0
DA:249,1
DA:250,0
DA:251,0
DA:253,0
DA:254,0
DA:255,0
DA:256,0
DA:257,0
DA:260,1
DA:261,0
DA:262,0
DA:263,0
DA:265,0
DA:266,0
DA:267,0
DA:268,0
DA:269,0
DA:272,1
DA:273,0
DA:276,1
DA:277,0
DA:278,0
DA:279,0
DA:280,0
DA:282,1
LF:164
LH:67
BRF:0
BRH:0
end_of_record
TN:
SF:/home/aspl/Desktop/Avyantra/Avyantra/src/app/shared/constant/app-constant.ts
FN:3,AppConstant
FNF:1
FNH:1
FNDA:56,AppConstant
DA:6,1
DA:7,56
DA:8,56
DA:9,56
DA:10,56
DA:11,56
DA:12,56
DA:13,56
DA:14,56
DA:15,1
LF:10
LH:10
BRF:0
BRH:0
end_of_record
TN:
SF:/home/aspl/Desktop/Avyantra/Avyantra/src/app/shared/core/util.ts
FN:4,Util
FN:8,(anonymous_2)
FN:12,(anonymous_3)
FN:16,(anonymous_4)
FN:20,(anonymous_5)
FN:24,(anonymous_6)
FNF:6
FNH:2
FNDA:3,Util
FNDA:0,(anonymous_2)
FNDA:0,(anonymous_3)
FNDA:0,(anonymous_4)
FNDA:0,(anonymous_5)
FNDA:1,(anonymous_6)
DA:5,1
DA:6,3
DA:7,3
DA:8,1
DA:9,0
DA:12,1
DA:13,0
DA:16,1
DA:17,0
DA:20,1
DA:21,0
DA:24,1
DA:25,1
DA:27,1
LF:14
LH:10
BRF:0
BRH:0
end_of_record
TN:
SF:/home/aspl/Desktop/Avyantra/Avyantra/src/app/shared/core/components/footer/footer.component.ts
FN:10,FooterComponent
FN:12,(anonymous_2)
FNF:2
FNH:2
FNDA:1,FooterComponent
FNDA:1,(anonymous_2)
DA:8,1
DA:12,1
DA:15,1
LF:3
LH:3
BRF:0
BRH:0
end_of_record
TN:
SF:/home/aspl/Desktop/Avyantra/Avyantra/src/app/shared/core/components/top-nav-bar/top-nav-bar.component.ts
FN:14,TopNavBarComponent
FN:25,(anonymous_2)
FN:35,(anonymous_3)
FN:45,(anonymous_4)
FN:61,(anonymous_5)
FN:65,(anonymous_6)
FN:80,(anonymous_7)
FNF:7
FNH:4
FNDA:1,TopNavBarComponent
FNDA:1,(anonymous_2)
FNDA:0,(anonymous_3)
FNDA:0,(anonymous_4)
FNDA:0,(anonymous_5)
FNDA:20,(anonymous_6)
FNDA:2,(anonymous_7)
DA:12,1
DA:14,1
DA:17,1
DA:21,1
DA:22,1
DA:23,1
DA:24,1
DA:25,1
DA:26,1
DA:27,1
DA:28,1
DA:29,1
DA:31,0
DA:35,1
DA:36,0
DA:37,0
DA:38,0
DA:39,0
DA:40,0
DA:41,0
DA:42,0
DA:45,1
DA:47,0
DA:50,0
DA:53,0
DA:56,0
DA:61,1
DA:62,0
DA:65,1
DA:67,0
DA:70,0
DA:73,0
DA:76,0
DA:80,1
DA:82,0
DA:84,2
DA:87,1
LF:37
LH:19
BRF:0
BRH:0
end_of_record
TN:
SF:/home/aspl/Desktop/Avyantra/Avyantra/src/app/shared/guards/auth.guard.ts
FN:13,AuthGuard
FN:16,(anonymous_2)
FNF:2
FNH:0
FNDA:0,AuthGuard
FNDA:0,(anonymous_2)
DA:11,1
DA:14,0
DA:16,1
DA:19,0
DA:21,0
DA:24,0
DA:25,0
DA:28,1
LF:8
LH:3
BRF:0
BRH:0
end_of_record
TN:
SF:/home/aspl/Desktop/Avyantra/Avyantra/src/app/shared/helper/app.helper.ts
FN:6,AppHelper
FN:12,(anonymous_2)
FN:25,(anonymous_3)
FN:46,(anonymous_4)
FN:55,(anonymous_5)
FN:59,(anonymous_6)
FNF:6
FNH:3
FNDA:56,AppHelper
FNDA:121,(anonymous_2)
FNDA:0,(anonymous_3)
FNDA:0,(anonymous_4)
FNDA:2,(anonymous_5)
FNDA:0,(anonymous_6)
DA:4,1
DA:6,56
DA:12,1
DA:14,121
DA:16,121
DA:18,0
DA:25,1
DA:26,0
DA:30,0
DA:33,0
DA:37,0
DA:46,1
DA:47,0
DA:49,0
DA:51,0
DA:55,1
DA:56,2
DA:59,1
DA:60,0
DA:61,0
DA:66,1
LF:21
LH:11
BRDA:15,0,0,121
BRDA:15,0,1,121
BRDA:27,1,0,0
BRDA:27,1,1,0
BRDA:29,2,0,0
BRDA:29,2,1,0
BRDA:48,3,0,0
BRDA:48,3,1,0
BRF:8
BRH:2
end_of_record
TN:
SF:/home/aspl/Desktop/Avyantra/Avyantra/src/app/shared/pipes/date-level.pipe.ts
FN:6,DateLevelPipe
FN:8,(anonymous_2)
FN:11,(anonymous_3)
FNF:3
FNH:1
FNDA:1,DateLevelPipe
FNDA:0,(anonymous_2)
FNDA:0,(anonymous_3)
DA:6,1
DA:8,1
DA:9,0
DA:10,0
DA:11,0
DA:12,0
DA:13,0
DA:14,0
DA:15,0
DA:16,0
DA:17,0
DA:18,0
DA:19,0
DA:21,0
DA:24,1
LF:15
LH:3
BRDA:14,0,0,0
BRDA:14,0,1,0
BRDA:16,1,0,0
BRDA:16,1,1,0
BRDA:17,2,0,0
BRDA:17,2,1,0
BRF:6
BRH:0
end_of_record
TN:
SF:/home/aspl/Desktop/Avyantra/Avyantra/src/app/shared/pipes/encrypt-password.pipe.ts
FN:6,passwordPipe
FN:7,(anonymous_2)
FNF:2
FNH:1
FNDA:27,passwordPipe
FNDA:0,(anonymous_2)
DA:6,1
DA:7,1
DA:8,0
DA:9,0
DA:11,1
LF:5
LH:3
BRF:0
BRH:0
end_of_record
TN:
SF:/home/aspl/Desktop/Avyantra/Avyantra/src/app/shared/pipes/user-type.pipe.ts
FN:7,userTypePipe
FN:8,(anonymous_2)
FNF:2
FNH:1
FNDA:5,userTypePipe
FNDA:0,(anonymous_2)
DA:6,1
DA:7,5
DA:8,1
DA:10,0
DA:13,0
DA:16,0
DA:19,1
LF:7
LH:4
BRF:0
BRH:0
end_of_record
TN:
SF:/home/aspl/Desktop/Avyantra/Avyantra/src/app/shared/service/data.service.ts
FN:4,DataService
FN:15,(anonymous_2)
FN:19,(anonymous_3)
FN:23,(anonymous_4)
FN:27,(anonymous_5)
FN:31,(anonymous_6)
FNF:6
FNH:2
FNDA:14,DataService
FNDA:0,(anonymous_2)
FNDA:25,(anonymous_3)
FNDA:0,(anonymous_4)
FNDA:0,(anonymous_5)
FNDA:0,(anonymous_6)
DA:5,1
DA:7,14
DA:9,14
DA:10,14
DA:12,14
DA:13,14
DA:15,1
DA:16,0
DA:19,1
DA:20,25
DA:23,1
DA:24,0
DA:27,1
DA:28,0
DA:31,1
DA:32,0
DA:34,1
LF:17
LH:13
BRF:0
BRH:0
end_of_record
TN:
SF:/home/aspl/Desktop/Avyantra/Avyantra/src/app/shared/service/login.service.ts
FN:13,LoginService
FN:17,(anonymous_2)
FN:21,(anonymous_3)
FN:25,(anonymous_4)
FN:29,(anonymous_5)
FN:33,(anonymous_6)
FN:43,(anonymous_7)
FNF:7
FNH:3
FNDA:29,LoginService
FNDA:0,(anonymous_2)
FNDA:0,(anonymous_3)
FNDA:1,(anonymous_4)
FNDA:0,(anonymous_5)
FNDA:0,(anonymous_6)
FNDA:1,(anonymous_7)
DA:10,1
DA:11,29
DA:12,29
DA:13,29
DA:17,1
DA:18,0
DA:21,1
DA:22,0
DA:25,1
DA:26,1
DA:29,1
DA:30,0
DA:33,1
DA:34,0
DA:35,0
DA:36,0
DA:43,2
DA:49,1
DA:51,1
LF:19
LH:13
BRDA:43,0,0,1
BRDA:43,0,1,0
BRF:2
BRH:1
end_of_record
TN:
SF:/home/aspl/Desktop/Avyantra/Avyantra/src/app/shared/service/reading-data.service.ts
FN:34,ReadingDataService
FN:36,(anonymous_2)
FN:40,(anonymous_3)
FN:44,(anonymous_4)
FN:48,(anonymous_5)
FN:52,(anonymous_6)
FN:56,(anonymous_7)
FN:60,(anonymous_8)
FN:64,(anonymous_9)
FN:67,(anonymous_10)
FN:82,(anonymous_11)
FN:87,(anonymous_12)
FN:91,(anonymous_13)
FN:105,(anonymous_14)
FN:113,(anonymous_15)
FN:127,(anonymous_16)
FN:131,(anonymous_17)
FN:135,(anonymous_18)
FNF:18
FNH:3
FNDA:22,ReadingDataService
FNDA:11,(anonymous_2)
FNDA:0,(anonymous_3)
FNDA:0,(anonymous_4)
FNDA:0,(anonymous_5)
FNDA:0,(anonymous_6)
FNDA:0,(anonymous_7)
FNDA:0,(anonymous_8)
FNDA:0,(anonymous_9)
FNDA:0,(anonymous_10)
FNDA:9,(anonymous_11)
FNDA:0,(anonymous_12)
FNDA:0,(anonymous_13)
FNDA:0,(anonymous_14)
FNDA:0,(anonymous_15)
FNDA:0,(anonymous_16)
FNDA:0,(anonymous_17)
FNDA:0,(anonymous_18)
DA:8,1
DA:9,22
DA:10,22
DA:12,22
DA:13,22
DA:24,22
DA:25,22
DA:26,22
DA:28,22
DA:29,22
DA:31,22
DA:32,22
DA:36,1
DA:37,11
DA:40,1
DA:41,0
DA:44,1
DA:45,0
DA:48,1
DA:49,0
DA:52,1
DA:53,0
DA:56,1
DA:57,0
DA:60,1
DA:61,0
DA:64,1
DA:65,0
DA:67,1
DA:79,0
DA:82,1
DA:83,9
DA:87,1
DA:88,0
DA:91,1
DA:92,0
DA:105,1
DA:106,0
DA:107,0
DA:108,0
DA:113,1
DA:114,0
DA:127,1
DA:128,0
DA:131,1
DA:132,0
DA:135,1
DA:136,0
DA:139,1
LF:49
LH:32
BRF:0
BRH:0
end_of_record
TN:
SF:/home/aspl/Desktop/Avyantra/Avyantra/src/app/shared/service/common/common.service.ts
FN:16,CommonService
FN:18,(anonymous_2)
FN:22,(anonymous_3)
FN:25,(anonymous_4)
FN:28,(anonymous_5)
FN:31,(anonymous_6)
FN:34,(anonymous_7)
FN:37,(anonymous_8)
FN:40,(anonymous_9)
FN:43,(anonymous_10)
FN:46,(anonymous_11)
FN:49,(anonymous_12)
FN:52,(anonymous_13)
FN:55,(anonymous_14)
FN:58,(anonymous_15)
FN:61,(anonymous_16)
FN:64,(anonymous_17)
FN:67,(anonymous_18)
FN:70,(anonymous_19)
FN:73,(anonymous_20)
FN:76,(anonymous_21)
FN:79,(anonymous_22)
FN:82,(anonymous_23)
FN:85,(anonymous_24)
FN:88,(anonymous_25)
FN:91,(anonymous_26)
FN:94,(anonymous_27)
FN:100,(anonymous_28)
FN:103,(anonymous_29)
FN:106,(anonymous_30)
FN:109,(anonymous_31)
FN:112,(anonymous_32)
FN:115,(anonymous_33)
FN:118,(anonymous_34)
FN:121,(anonymous_35)
FN:124,(anonymous_36)
FN:127,(anonymous_37)
FN:130,(anonymous_38)
FN:133,(anonymous_39)
FN:136,(anonymous_40)
FN:139,(anonymous_41)
FN:142,(anonymous_42)
FN:145,(anonymous_43)
FN:148,(anonymous_44)
FN:151,(anonymous_45)
FN:154,(anonymous_46)
FN:157,(anonymous_47)
FN:160,(anonymous_48)
FN:163,(anonymous_49)
FN:166,(anonymous_50)
FN:169,(anonymous_51)
FN:172,(anonymous_52)
FN:175,(anonymous_53)
FN:178,(anonymous_54)
FN:181,(anonymous_55)
FN:184,(anonymous_56)
FN:187,(anonymous_57)
FN:190,(anonymous_58)
FN:193,(anonymous_59)
FN:196,(anonymous_60)
FN:199,(anonymous_61)
FN:202,(anonymous_62)
FN:205,(anonymous_63)
FN:208,(anonymous_64)
FN:211,(anonymous_65)
FN:214,(anonymous_66)
FN:218,(anonymous_67)
FNF:67
FNH:19
FNDA:71,CommonService
FNDA:0,(anonymous_2)
FNDA:0,(anonymous_3)
FNDA:0,(anonymous_4)
FNDA:1,(anonymous_5)
FNDA:0,(anonymous_6)
FNDA:0,(anonymous_7)
FNDA:0,(anonymous_8)
FNDA:2,(anonymous_9)
FNDA:0,(anonymous_10)
FNDA:0,(anonymous_11)
FNDA:0,(anonymous_12)
FNDA:0,(anonymous_13)
FNDA:0,(anonymous_14)
FNDA:0,(anonymous_15)
FNDA:0,(anonymous_16)
FNDA:0,(anonymous_17)
FNDA:0,(anonymous_18)
FNDA:0,(anonymous_19)
FNDA:0,(anonymous_20)
FNDA:0,(anonymous_21)
FNDA:0,(anonymous_22)
FNDA:0,(anonymous_23)
FNDA:0,(anonymous_24)
FNDA:0,(anonymous_25)
FNDA:0,(anonymous_26)
FNDA:125,(anonymous_27)
FNDA:0,(anonymous_28)
FNDA:0,(anonymous_29)
FNDA:0,(anonymous_30)
FNDA:0,(anonymous_31)
FNDA:0,(anonymous_32)
FNDA:0,(anonymous_33)
FNDA:0,(anonymous_34)
FNDA:0,(anonymous_35)
FNDA:15,(anonymous_36)
FNDA:0,(anonymous_37)
FNDA:8,(anonymous_38)
FNDA:0,(anonymous_39)
FNDA:0,(anonymous_40)
FNDA:0,(anonymous_41)
FNDA:0,(anonymous_42)
FNDA:20,(anonymous_43)
FNDA:0,(anonymous_44)
FNDA:0,(anonymous_45)
FNDA:8,(anonymous_46)
FNDA:8,(anonymous_47)
FNDA:0,(anonymous_48)
FNDA:0,(anonymous_49)
FNDA:0,(anonymous_50)
FNDA:5,(anonymous_51)
FNDA:6,(anonymous_52)
FNDA:0,(anonymous_53)
FNDA:6,(anonymous_54)
FNDA:1,(anonymous_55)
FNDA:12,(anonymous_56)
FNDA:0,(anonymous_57)
FNDA:0,(anonymous_58)
FNDA:0,(anonymous_59)
FNDA:0,(anonymous_60)
FNDA:12,(anonymous_61)
FNDA:12,(anonymous_62)
FNDA:8,(anonymous_63)
FNDA:0,(anonymous_64)
FNDA:1,(anonymous_65)
FNDA:1,(anonymous_66)
FNDA:0,(anonymous_67)
DA:10,1
DA:11,71
DA:12,71
DA:13,71
DA:14,71
DA:16,71
DA:18,1
DA:19,0
DA:22,1
DA:23,0
DA:25,1
DA:26,0
DA:28,1
DA:29,1
DA:31,1
DA:32,0
DA:34,1
DA:35,0
DA:37,1
DA:38,0
DA:40,1
DA:41,2
DA:43,1
DA:44,0
DA:46,1
DA:47,0
DA:49,1
DA:50,0
DA:52,1
DA:53,0
DA:55,1
DA:56,0
DA:58,1
DA:59,0
DA:61,1
DA:62,0
DA:64,1
DA:65,0
DA:67,1
DA:68,0
DA:70,1
DA:71,0
DA:73,1
DA:74,0
DA:76,1
DA:77,0
DA:79,1
DA:80,0
DA:82,1
DA:83,0
DA:85,1
DA:86,0
DA:88,1
DA:89,0
DA:91,1
DA:92,0
DA:94,250
DA:98,125
DA:100,1
DA:101,0
DA:103,1
DA:104,0
DA:106,1
DA:107,0
DA:109,1
DA:110,0
DA:112,1
DA:113,0
DA:115,1
DA:116,0
DA:118,1
DA:119,0
DA:121,1
DA:122,0
DA:124,1
DA:125,15
DA:127,1
DA:128,0
DA:130,1
DA:131,8
DA:133,1
DA:134,0
DA:136,1
DA:137,0
DA:139,1
DA:140,0
DA:142,1
DA:143,0
DA:145,1
DA:146,20
DA:148,1
DA:149,0
DA:151,1
DA:152,0
DA:154,1
DA:155,8
DA:157,1
DA:158,8
DA:160,1
DA:161,0
DA:163,1
DA:164,0
DA:166,1
DA:167,0
DA:169,1
DA:170,5
DA:172,1
DA:173,6
DA:175,1
DA:176,0
DA:178,1
DA:179,6
DA:181,1
DA:182,1
DA:184,1
DA:185,12
DA:187,1
DA:188,0
DA:190,1
DA:191,0
DA:193,1
DA:194,0
DA:196,1
DA:197,0
DA:199,1
DA:200,12
DA:202,1
DA:203,12
DA:205,1
DA:206,8
DA:208,1
DA:209,0
DA:211,1
DA:212,1
DA:214,1
DA:215,1
DA:218,1
DA:219,0
DA:222,1
LF:139
LH:91
BRDA:34,0,0,0
BRDA:34,0,1,0
BRDA:61,1,0,0
BRDA:61,1,1,0
BRDA:94,2,0,125
BRDA:94,2,1,0
BRF:6
BRH:1
end_of_record
TN:
SF:/home/aspl/Desktop/Avyantra/Avyantra/src/app/shared/service/common/common.ts
FN:4,Common
FN:8,(anonymous_2)
FN:11,(anonymous_3)
FN:15,(anonymous_4)
FNF:4
FNH:2
FNDA:44,Common
FNDA:0,(anonymous_2)
FNDA:30,(anonymous_3)
FNDA:0,(anonymous_4)
DA:5,1
DA:6,44
DA:8,1
DA:9,0
DA:11,1
DA:12,30
DA:15,1
DA:16,0
DA:18,1
LF:9
LH:7
BRF:0
BRH:0
end_of_record
TN:
SF:/home/aspl/Desktop/Avyantra/Avyantra/src/app/signup/signup.component.ts
FN:22,SignupComponent
FN:30,(anonymous_2)
FN:53,(anonymous_6)
FN:56,(anonymous_7)
FN:68,(anonymous_8)
FN:91,(anonymous_9)
FN:103,(anonymous_10)
FN:119,(anonymous_11)
FN:132,(anonymous_12)
FN:141,(anonymous_13)
FN:153,(anonymous_14)
FNF:11
FNH:4
FNDA:3,SignupComponent
FNDA:3,(anonymous_2)
FNDA:0,(anonymous_6)
FNDA:0,(anonymous_7)
FNDA:0,(anonymous_8)
FNDA:0,(anonymous_9)
FNDA:0,(anonymous_10)
FNDA:0,(anonymous_11)
FNDA:0,(anonymous_12)
FNDA:6,(anonymous_13)
FNDA:1,(anonymous_14)
DA:13,1
DA:15,3
DA:16,3
DA:17,3
DA:19,3
DA:20,3
DA:23,3
DA:24,3
DA:25,3
DA:26,3
DA:27,3
DA:30,1
DA:31,3
DA:32,3
DA:45,1
DA:46,0
DA:48,0
DA:50,0
DA:51,0
DA:52,0
DA:54,0
DA:57,0
DA:68,1
DA:69,0
DA:72,0
DA:73,0
DA:76,0
DA:78,0
DA:91,1
DA:92,0
DA:94,0
DA:103,1
DA:104,0
DA:109,0
DA:111,0
DA:119,1
DA:120,0
DA:125,0
DA:127,0
DA:132,1
DA:133,0
DA:135,0
DA:137,0
DA:141,1
DA:142,6
DA:148,0
DA:150,6
DA:153,1
DA:154,1
DA:155,1
DA:157,1
LF:51
LH:27
BRDA:106,0,0,0
BRDA:106,0,1,0
BRDA:122,1,0,0
BRDA:122,1,1,0
BRDA:144,2,0,6
BRDA:144,2,1,0
BRDA:144,2,2,0
BRF:7
BRH:1
end_of_record
TN:
SF:/home/aspl/Desktop/Avyantra/Avyantra/src/app/user-dashboards/hospital-admin/hospital-admin.component.ts
FN:11,HospitalAdminComponent
FN:13,(anonymous_2)
FNF:2
FNH:0
FNDA:0,HospitalAdminComponent
FNDA:0,(anonymous_2)
DA:9,1
DA:11,0
DA:13,1
DA:14,0
DA:17,1
LF:5
LH:3
BRF:0
BRH:0
end_of_record
TN:
SF:/home/aspl/Desktop/Avyantra/Avyantra/src/app/user-dashboards/hospital-admin/hospital-admin-info/hospital-admin-info.component.ts
FN:15,HospitalAdminInfoComponent
FN:17,(anonymous_2)
FN:22,(anonymous_3)
FN:23,(anonymous_4)
FN:33,(anonymous_5)
FN:39,(anonymous_6)
FNF:6
FNH:5
FNDA:1,HospitalAdminInfoComponent
FNDA:1,(anonymous_2)
FNDA:1,(anonymous_3)
FNDA:1,(anonymous_4)
FNDA:1,(anonymous_5)
FNDA:0,(anonymous_6)
DA:11,1
DA:13,1
DA:15,1
DA:16,1
DA:17,1
DA:18,1
DA:19,1
DA:22,1
DA:23,1
DA:25,1
DA:28,0
DA:33,1
DA:34,1
DA:35,1
DA:36,1
DA:39,1
DA:40,0
DA:41,0
DA:42,0
DA:44,1
LF:20
LH:16
BRF:0
BRH:0
end_of_record
TN:
SF:/home/aspl/Desktop/Avyantra/Avyantra/src/app/user-dashboards/hospital-staff-dashboard/hospital-staff-dashboard.component.ts
FN:23,HospitalStaffDashboardComponent
FN:27,(anonymous_2)
FN:33,(anonymous_3)
FN:39,(anonymous_4)
FN:40,(anonymous_5)
FN:51,(anonymous_6)
FN:52,(anonymous_7)
FN:62,(anonymous_8)
FN:68,(anonymous_9)
FN:72,(anonymous_10)
FN:81,(anonymous_11)
FNF:11
FNH:4
FNDA:1,HospitalStaffDashboardComponent
FNDA:1,(anonymous_2)
FNDA:1,(anonymous_3)
FNDA:1,(anonymous_4)
FNDA:0,(anonymous_5)
FNDA:0,(anonymous_6)
FNDA:0,(anonymous_7)
FNDA:0,(anonymous_8)
FNDA:0,(anonymous_9)
FNDA:0,(anonymous_10)
FNDA:0,(anonymous_11)
DA:14,1
DA:17,1
DA:18,1
DA:20,1
DA:23,1
DA:24,1
DA:25,1
DA:27,1
DA:28,1
DA:29,1
DA:30,1
DA:33,1
DA:34,1
DA:35,1
DA:36,1
DA:39,1
DA:40,1
DA:42,0
DA:43,0
DA:45,0
DA:46,0
DA:51,1
DA:52,0
DA:54,0
DA:56,0
DA:57,0
DA:62,1
DA:63,0
DA:64,0
DA:65,0
DA:68,1
DA:69,0
DA:72,1
DA:74,0
DA:77,0
DA:81,1
DA:83,0
DA:84,0
DA:87,1
LF:39
LH:23
BRF:0
BRH:0
end_of_record
TN:
SF:/home/aspl/Desktop/Avyantra/Avyantra/src/app/user-dashboards/referral-doctor/referral-doctor.component.ts
FN:10,ReferralDoctorComponent
FN:12,(anonymous_2)
FNF:2
FNH:2
FNDA:1,ReferralDoctorComponent
FNDA:1,(anonymous_2)
DA:8,1
DA:12,1
DA:15,1
LF:3
LH:3
BRF:0
BRH:0
end_of_record
TN:
SF:/home/aspl/Desktop/Avyantra/Avyantra/src/environments/environment.ts
FNF:0
FNH:0
LF:0
LH:0
BRF:0
BRH:0
end_of_record
